<?xml version="1.0" encoding="UTF-8"?>
<robot generator="Robot 3.2.2 (Python 3.8.6 on win32)" generated="20210514 14:05:48.076" rpa="false">
<suite id="s1" name="FR18 02 ViewStakeholderIndividualReports AS" source="C:\Users\Delwin.Horsthemke\PycharmProjects\Robot_ST_Templates\TestCases\StakeholderIndividual\FR18_02_ViewStakeholderIndividualReports_AS.robot">
<test id="s1-t1" name="FR18_02_View Stakeholder Individual Reports_AlternateScenario">
<kw name="Launch IsoMetrix Application" library="keywords">
<kw name="Open Browser" library="SeleniumLibrary">
<doc>Opens a new browser instance to the optional ``url``.</doc>
<arguments>
<arg>${URL}</arg>
<arg>${BROWSER}</arg>
</arguments>
<msg timestamp="20210514 14:05:49.085" level="INFO">Opening browser 'chrome' to base url 'https://ch11.isometrix.net/IsoMetrix_Solutions_QASPTest/login.aspx'.</msg>
<status status="PASS" starttime="20210514 14:05:49.085" endtime="20210514 14:06:00.144"></status>
</kw>
<kw name="Set Selenium Implicit Wait" library="SeleniumLibrary">
<doc>Sets the implicit wait value used by Selenium.</doc>
<arguments>
<arg>10 seconds</arg>
</arguments>
<status status="PASS" starttime="20210514 14:06:00.144" endtime="20210514 14:06:00.153"></status>
</kw>
<kw name="Maximize Browser Window" library="SeleniumLibrary">
<doc>Maximizes current browser window.</doc>
<status status="PASS" starttime="20210514 14:06:00.154" endtime="20210514 14:06:00.493"></status>
</kw>
<kw name="Title Should Be" library="SeleniumLibrary">
<doc>Verifies that the current page title equals ``title``.</doc>
<arguments>
<arg>IsoMetrix</arg>
</arguments>
<msg timestamp="20210514 14:06:00.507" level="INFO">Page title is 'IsoMetrix'.</msg>
<status status="PASS" starttime="20210514 14:06:00.494" endtime="20210514 14:06:00.508"></status>
</kw>
<kw name="Wait Until Page Contains Element" library="SeleniumLibrary">
<doc>Waits until the element ``locator`` appears on the current page.</doc>
<arguments>
<arg>${SubmitButtonid}</arg>
</arguments>
<status status="PASS" starttime="20210514 14:06:00.508" endtime="20210514 14:06:00.529"></status>
</kw>
<status status="PASS" starttime="20210514 14:05:49.084" endtime="20210514 14:06:00.530"></status>
</kw>
<kw name="Login with Valid Credentials" library="keywords">
<doc>Login with Valid Credentials</doc>
<kw name="Input Text" library="SeleniumLibrary">
<doc>Types the given ``text`` into the text field identified by ``locator``.</doc>
<arguments>
<arg>${Usernameid}</arg>
<arg>${Username Value}</arg>
</arguments>
<msg timestamp="20210514 14:06:00.532" level="INFO">Typing text '2Manager' into text field 'id:txtUsername'.</msg>
<status status="PASS" starttime="20210514 14:06:00.531" endtime="20210514 14:06:00.710"></status>
</kw>
<kw name="Input Text" library="SeleniumLibrary">
<doc>Types the given ``text`` into the text field identified by ``locator``.</doc>
<arguments>
<arg>${Passwordid}</arg>
<arg>${Password Value}</arg>
</arguments>
<msg timestamp="20210514 14:06:00.712" level="INFO">Typing text 'Manager@202?' into text field 'id:txtPassword'.</msg>
<status status="PASS" starttime="20210514 14:06:00.710" endtime="20210514 14:06:00.906"></status>
</kw>
<kw name="Capture Page Screenshot" library="SeleniumLibrary">
<doc>Takes a screenshot of the current page and embeds it into a log file.</doc>
<arguments>
<arg>${OUTPUTDIR}/Results/Login-{index}.png</arg>
</arguments>
<assign>
<var>${file1}</var>
</assign>
<msg timestamp="20210514 14:06:01.071" level="INFO" html="yes">&lt;/td&gt;&lt;/tr&gt;&lt;tr&gt;&lt;td colspan="3"&gt;&lt;a href="Results/Login-2.png"&gt;&lt;img src="Results/Login-2.png" width="800px"&gt;&lt;/a&gt;</msg>
<msg timestamp="20210514 14:06:01.071" level="INFO">${file1} = C:\Users\Delwin.Horsthemke\PycharmProjects\Robot_ST_Templates\results\StakeholderIndividual\Results\Login-2.png</msg>
<status status="PASS" starttime="20210514 14:06:00.906" endtime="20210514 14:06:01.071"></status>
</kw>
<kw name="Click Element" library="SeleniumLibrary">
<doc>Click the element identified by ``locator``.</doc>
<arguments>
<arg>${SubmitButtonid}</arg>
</arguments>
<msg timestamp="20210514 14:06:01.072" level="INFO">Clicking element 'id:btnLoginSubmit'.</msg>
<status status="PASS" starttime="20210514 14:06:01.072" endtime="20210514 14:06:01.155"></status>
</kw>
<kw name="Wait Until Page Contains Element" library="SeleniumLibrary">
<doc>Waits until the element ``locator`` appears on the current page.</doc>
<arguments>
<arg>${SiteName}</arg>
</arguments>
<status status="PASS" starttime="20210514 14:06:01.155" endtime="20210514 14:06:05.623"></status>
</kw>
<kw name="Capture Page Screenshot" library="SeleniumLibrary">
<doc>Takes a screenshot of the current page and embeds it into a log file.</doc>
<arguments>
<arg>${OUTPUTDIR}/Results/Succesful_Login-{index}.png</arg>
</arguments>
<assign>
<var>${file1}</var>
</assign>
<msg timestamp="20210514 14:06:05.823" level="INFO" html="yes">&lt;/td&gt;&lt;/tr&gt;&lt;tr&gt;&lt;td colspan="3"&gt;&lt;a href="Results/Succesful_Login-2.png"&gt;&lt;img src="Results/Succesful_Login-2.png" width="800px"&gt;&lt;/a&gt;</msg>
<msg timestamp="20210514 14:06:05.823" level="INFO">${file1} = C:\Users\Delwin.Horsthemke\PycharmProjects\Robot_ST_Templates\results\StakeholderIndividual\Results\Succesful_Login-2.png</msg>
<status status="PASS" starttime="20210514 14:06:05.624" endtime="20210514 14:06:05.823"></status>
</kw>
<status status="PASS" starttime="20210514 14:06:00.531" endtime="20210514 14:06:05.823"></status>
</kw>
<kw name="ValidateSiteVersion" library="keywords">
<doc>This is to validate that the Site is on the correct version</doc>
<kw name="Wait Until Element Is Visible" library="SeleniumLibrary">
<doc>Waits until the element ``locator`` is visible.</doc>
<arguments>
<arg>${Sidebarlink}</arg>
<arg>60 seconds</arg>
</arguments>
<status status="PASS" starttime="20210514 14:06:05.833" endtime="20210514 14:06:05.898"></status>
</kw>
<kw name="Click Element" library="SeleniumLibrary">
<doc>Click the element identified by ``locator``.</doc>
<arguments>
<arg>${Sidebarlink}</arg>
</arguments>
<msg timestamp="20210514 14:06:05.898" level="INFO">Clicking element 'xpath://*[@id='default-page']/body/div/div[1]/a/i'.</msg>
<status status="PASS" starttime="20210514 14:06:05.898" endtime="20210514 14:06:06.130"></status>
</kw>
<kw name="Get Text" library="SeleniumLibrary">
<doc>Returns the text value of the element identified by ``locator``.</doc>
<arguments>
<arg>${FooterSiteVersion}</arg>
</arguments>
<status status="PASS" starttime="20210514 14:06:06.130" endtime="20210514 14:06:06.253"></status>
</kw>
<kw name="Capture Page Screenshot" library="SeleniumLibrary">
<doc>Takes a screenshot of the current page and embeds it into a log file.</doc>
<arguments>
<arg>${OUTPUTDIR}/Results/SiteCorrectVersion-{index}.png</arg>
</arguments>
<assign>
<var>${file1}</var>
</assign>
<msg timestamp="20210514 14:06:06.466" level="INFO" html="yes">&lt;/td&gt;&lt;/tr&gt;&lt;tr&gt;&lt;td colspan="3"&gt;&lt;a href="Results/SiteCorrectVersion-2.png"&gt;&lt;img src="Results/SiteCorrectVersion-2.png" width="800px"&gt;&lt;/a&gt;</msg>
<msg timestamp="20210514 14:06:06.467" level="INFO">${file1} = C:\Users\Delwin.Horsthemke\PycharmProjects\Robot_ST_Templates\results\StakeholderIndividual\Results\SiteCorrectVersion-2.png</msg>
<status status="PASS" starttime="20210514 14:06:06.255" endtime="20210514 14:06:06.468"></status>
</kw>
<kw name="Sleep" library="BuiltIn">
<doc>Pauses the test executed for the given time.</doc>
<arguments>
<arg>1 seconds</arg>
</arguments>
<msg timestamp="20210514 14:06:07.471" level="INFO">Slept 1 second</msg>
<status status="PASS" starttime="20210514 14:06:06.469" endtime="20210514 14:06:07.471"></status>
</kw>
<kw name="Element Should Be Visible" library="SeleniumLibrary">
<doc>Verifies that the element identified by ``locator`` is visible.</doc>
<arguments>
<arg>${Sidebarlink}</arg>
</arguments>
<msg timestamp="20210514 14:06:07.764" level="INFO">Element 'xpath://*[@id='default-page']/body/div/div[1]/a/i' is displayed.</msg>
<status status="PASS" starttime="20210514 14:06:07.472" endtime="20210514 14:06:07.764"></status>
</kw>
<kw name="Click Element" library="SeleniumLibrary">
<doc>Click the element identified by ``locator``.</doc>
<arguments>
<arg>${Sidebarlink}</arg>
</arguments>
<msg timestamp="20210514 14:06:07.765" level="INFO">Clicking element 'xpath://*[@id='default-page']/body/div/div[1]/a/i'.</msg>
<status status="PASS" starttime="20210514 14:06:07.765" endtime="20210514 14:06:07.858"></status>
</kw>
<kw name="Select Frame" library="SeleniumLibrary">
<doc>Sets frame identified by ``locator`` as the current frame.</doc>
<arguments>
<arg>${iFrame}</arg>
</arguments>
<msg timestamp="20210514 14:06:07.858" level="INFO">Selecting frame 'xpath://iframe[@id='ifrMain']'.</msg>
<status status="PASS" starttime="20210514 14:06:07.858" endtime="20210514 14:06:08.233"></status>
</kw>
<kw name="Wait Until Element Is Visible" library="SeleniumLibrary">
<doc>Waits until the element ``locator`` is visible.</doc>
<arguments>
<arg>${SolutionsInterface}</arg>
<arg>60 seconds</arg>
</arguments>
<status status="PASS" starttime="20210514 14:06:08.234" endtime="20210514 14:06:08.743"></status>
</kw>
<kw name="Get Text" library="SeleniumLibrary">
<doc>Returns the text value of the element identified by ``locator``.</doc>
<arguments>
<arg>${SolutionsInterface}</arg>
</arguments>
<status status="PASS" starttime="20210514 14:06:08.743" endtime="20210514 14:06:08.824"></status>
</kw>
<status status="PASS" starttime="20210514 14:06:05.831" endtime="20210514 14:06:08.824"></status>
</kw>
<kw name="Navigate to Stakeholder Individual" library="SI_keywords">
<doc>This will navigate the system to the Stakeholder Individual Module</doc>
<kw name="Wait Until Element Is Visible" library="SeleniumLibrary">
<doc>Waits until the element ``locator`` is visible.</doc>
<arguments>
<arg>${EHSButton}</arg>
<arg>60 seconds</arg>
</arguments>
<status status="PASS" starttime="20210514 14:06:08.826" endtime="20210514 14:06:08.904"></status>
</kw>
<kw name="Click Element" library="SeleniumLibrary">
<doc>Click the element identified by ``locator``.</doc>
<arguments>
<arg>${EHSButton}</arg>
</arguments>
<msg timestamp="20210514 14:06:08.905" level="INFO">Clicking element 'xpath://label[text()='Environment, Health &amp; Safety']'.</msg>
<status status="PASS" starttime="20210514 14:06:08.905" endtime="20210514 14:06:09.153"></status>
</kw>
<kw name="Capture Page Screenshot" library="SeleniumLibrary">
<doc>Takes a screenshot of the current page and embeds it into a log file.</doc>
<arguments>
<arg>${OUTPUTDIR}/Results/Environment Health Safety-{index}.png</arg>
</arguments>
<assign>
<var>${file1}</var>
</assign>
<msg timestamp="20210514 14:06:09.483" level="INFO" html="yes">&lt;/td&gt;&lt;/tr&gt;&lt;tr&gt;&lt;td colspan="3"&gt;&lt;a href="Results/Environment%20Health%20Safety-2.png"&gt;&lt;img src="Results/Environment%20Health%20Safety-2.png" width="800px"&gt;&lt;/a&gt;</msg>
<msg timestamp="20210514 14:06:09.483" level="INFO">${file1} = C:\Users\Delwin.Horsthemke\PycharmProjects\Robot_ST_Templates\results\StakeholderIndividual\Results\Environment Health Safety-2.png</msg>
<status status="PASS" starttime="20210514 14:06:09.153" endtime="20210514 14:06:09.483"></status>
</kw>
<kw name="Wait Until Element Is Visible" library="SeleniumLibrary">
<doc>Waits until the element ``locator`` is visible.</doc>
<arguments>
<arg>${StakeholderManagement}</arg>
<arg>60 seconds</arg>
</arguments>
<status status="PASS" starttime="20210514 14:06:09.483" endtime="20210514 14:06:10.945"></status>
</kw>
<kw name="Click Element" library="SeleniumLibrary">
<doc>Click the element identified by ``locator``.</doc>
<arguments>
<arg>${StakeholderManagement}</arg>
</arguments>
<msg timestamp="20210514 14:06:10.947" level="INFO">Clicking element 'xpath://label[text()='Stakeholder Management']'.</msg>
<status status="PASS" starttime="20210514 14:06:10.946" endtime="20210514 14:06:11.224"></status>
</kw>
<kw name="Capture Page Screenshot" library="SeleniumLibrary">
<doc>Takes a screenshot of the current page and embeds it into a log file.</doc>
<arguments>
<arg>${OUTPUTDIR}/Results/Stakeholder Management Interface-{index}.png</arg>
</arguments>
<assign>
<var>${file1}</var>
</assign>
<msg timestamp="20210514 14:06:11.473" level="INFO" html="yes">&lt;/td&gt;&lt;/tr&gt;&lt;tr&gt;&lt;td colspan="3"&gt;&lt;a href="Results/Stakeholder%20Management%20Interface-2.png"&gt;&lt;img src="Results/Stakeholder%20Management%20Interface-2.png" width="800px"&gt;&lt;/a&gt;</msg>
<msg timestamp="20210514 14:06:11.473" level="INFO">${file1} = C:\Users\Delwin.Horsthemke\PycharmProjects\Robot_ST_Templates\results\StakeholderIndividual\Results\Stakeholder Management Interface-2.png</msg>
<status status="PASS" starttime="20210514 14:06:11.225" endtime="20210514 14:06:11.473"></status>
</kw>
<kw name="Wait Until Element Is Visible" library="SeleniumLibrary">
<doc>Waits until the element ``locator`` is visible.</doc>
<arguments>
<arg>${StakeholderIndividualBtn}</arg>
<arg>60 seconds</arg>
</arguments>
<status status="PASS" starttime="20210514 14:06:11.474" endtime="20210514 14:06:12.025"></status>
</kw>
<kw name="Sleep" library="BuiltIn">
<doc>Pauses the test executed for the given time.</doc>
<arguments>
<arg>1 second</arg>
</arguments>
<msg timestamp="20210514 14:06:13.028" level="INFO">Slept 1 second</msg>
<status status="PASS" starttime="20210514 14:06:12.025" endtime="20210514 14:06:13.028"></status>
</kw>
<kw name="Click Element" library="SeleniumLibrary">
<doc>Click the element identified by ``locator``.</doc>
<arguments>
<arg>${StakeholderIndividualBtn}</arg>
</arguments>
<msg timestamp="20210514 14:06:13.030" level="INFO">Clicking element 'xpath://label[contains(text(),'Stakeholder Individual')]'.</msg>
<status status="PASS" starttime="20210514 14:06:13.029" endtime="20210514 14:06:20.390"></status>
</kw>
<kw name="Wait Until Element Is Visible" library="SeleniumLibrary">
<doc>Waits until the element ``locator`` is visible.</doc>
<arguments>
<arg>${SIAddBtn}</arg>
<arg>60 seconds</arg>
</arguments>
<status status="PASS" starttime="20210514 14:06:20.391" endtime="20210514 14:06:49.581"></status>
</kw>
<kw name="Capture Page Screenshot" library="SeleniumLibrary">
<doc>Takes a screenshot of the current page and embeds it into a log file.</doc>
<arguments>
<arg>${OUTPUTDIR}/Results/Stakeholder Individual Module-{index}.png</arg>
</arguments>
<assign>
<var>${file1}</var>
</assign>
<msg timestamp="20210514 14:06:49.825" level="INFO" html="yes">&lt;/td&gt;&lt;/tr&gt;&lt;tr&gt;&lt;td colspan="3"&gt;&lt;a href="Results/Stakeholder%20Individual%20Module-2.png"&gt;&lt;img src="Results/Stakeholder%20Individual%20Module-2.png" width="800px"&gt;&lt;/a&gt;</msg>
<msg timestamp="20210514 14:06:49.826" level="INFO">${file1} = C:\Users\Delwin.Horsthemke\PycharmProjects\Robot_ST_Templates\results\StakeholderIndividual\Results\Stakeholder Individual Module-2.png</msg>
<status status="PASS" starttime="20210514 14:06:49.581" endtime="20210514 14:06:49.826"></status>
</kw>
<status status="PASS" starttime="20210514 14:06:08.825" endtime="20210514 14:06:49.826"></status>
</kw>
<kw name="View Stakeholder Individual Reports_AS" library="FR7-FR12AddEngagements-ViewResettlementProjects_Keywords">
<kw name="Click Element" library="SeleniumLibrary">
<doc>Click the element identified by ``locator``.</doc>
<arguments>
<arg>${SISearchButton}</arg>
</arguments>
<msg timestamp="20210514 14:06:49.829" level="INFO">Clicking element 'xpath://div[@id='btnActApplyFilter']/div[text()='Search']'.</msg>
<status status="PASS" starttime="20210514 14:06:49.829" endtime="20210514 14:06:50.327"></status>
</kw>
<kw name="Wait Until Element Is Visible" library="SeleniumLibrary">
<doc>Waits until the element ``locator`` is visible.</doc>
<arguments>
<arg>${SIRecords}</arg>
<arg>40 seconds</arg>
</arguments>
<status status="PASS" starttime="20210514 14:06:50.328" endtime="20210514 14:06:52.685"></status>
</kw>
<kw name="Capture Page Screenshot" library="SeleniumLibrary">
<doc>Takes a screenshot of the current page and embeds it into a log file.</doc>
<arguments>
<arg>${OUTPUTDIR}/Results/Stakeholder Individual Records Visible.png</arg>
</arguments>
<assign>
<var>${file1}</var>
</assign>
<msg timestamp="20210514 14:06:52.857" level="INFO" html="yes">&lt;/td&gt;&lt;/tr&gt;&lt;tr&gt;&lt;td colspan="3"&gt;&lt;a href="Results/Stakeholder%20Individual%20Records%20Visible.png"&gt;&lt;img src="Results/Stakeholder%20Individual%20Records%20Visible.png" width="800px"&gt;&lt;/a&gt;</msg>
<msg timestamp="20210514 14:06:52.857" level="INFO">${file1} = C:\Users\Delwin.Horsthemke\PycharmProjects\Robot_ST_Templates\results\StakeholderIndividual\Results\Stakeholder Individual Records Visible.png</msg>
<status status="PASS" starttime="20210514 14:06:52.686" endtime="20210514 14:06:52.857"></status>
</kw>
<kw name="Click Element" library="SeleniumLibrary">
<doc>Click the element identified by ``locator``.</doc>
<arguments>
<arg>${SIReportsBtn}</arg>
</arguments>
<msg timestamp="20210514 14:06:52.858" level="INFO">Clicking element 'xpath://div[@id='btnReports']'.</msg>
<status status="PASS" starttime="20210514 14:06:52.858" endtime="20210514 14:06:53.008"></status>
</kw>
<kw name="Wait Until Element Is Visible" library="SeleniumLibrary">
<doc>Waits until the element ``locator`` is visible.</doc>
<arguments>
<arg>${SIRecordReportSITitle}</arg>
<arg>40 seconds</arg>
</arguments>
<status status="PASS" starttime="20210514 14:06:53.008" endtime="20210514 14:06:53.093"></status>
</kw>
<kw name="Click Element" library="SeleniumLibrary">
<doc>Click the element identified by ``locator``.</doc>
<arguments>
<arg>${SIViewReportsBtn}</arg>
</arguments>
<msg timestamp="20210514 14:06:53.093" level="INFO">Clicking element 'xpath:(//div[@id='divSearchReports_E686D312-3E2F-4E66-9EAD-AC71C09267DD']/div/div[2]/div[2]/span[3])[2]'.</msg>
<status status="PASS" starttime="20210514 14:06:53.093" endtime="20210514 14:06:53.359"></status>
</kw>
<kw name="Switch Window" library="SeleniumLibrary">
<doc>Switches to browser window matching ``locator``.</doc>
<status status="PASS" starttime="20210514 14:06:53.359" endtime="20210514 14:06:53.378"></status>
</kw>
<kw name="Wait Until Element Is Visible" library="SeleniumLibrary">
<doc>Waits until the element ``locator`` is visible.</doc>
<arguments>
<arg>${SIReportsPopUpConfirm}</arg>
<arg>20 seconds</arg>
</arguments>
<status status="PASS" starttime="20210514 14:06:53.379" endtime="20210514 14:06:53.677"></status>
</kw>
<kw name="Click Element" library="SeleniumLibrary">
<doc>Click the element identified by ``locator``.</doc>
<arguments>
<arg>${SIReportsPopUpConfirm}</arg>
</arguments>
<msg timestamp="20210514 14:06:53.677" level="INFO">Clicking element 'xpath://div[@id='btnConfirmYes']'.</msg>
<status status="PASS" starttime="20210514 14:06:53.677" endtime="20210514 14:06:54.003"></status>
</kw>
<kw name="Sleep" library="BuiltIn">
<doc>Pauses the test executed for the given time.</doc>
<arguments>
<arg>5</arg>
</arguments>
<msg timestamp="20210514 14:06:59.018" level="INFO">Slept 5 seconds</msg>
<status status="PASS" starttime="20210514 14:06:54.004" endtime="20210514 14:06:59.018"></status>
</kw>
<kw name="Select Window" library="SeleniumLibrary">
<doc>DEPRECATED in SeleniumLibrary 4.0. , use `Switch Window` instead.</doc>
<arguments>
<arg>NEW</arg>
</arguments>
<status status="PASS" starttime="20210514 14:06:59.019" endtime="20210514 14:06:59.029"></status>
</kw>
<kw name="Sleep" library="BuiltIn">
<doc>Pauses the test executed for the given time.</doc>
<arguments>
<arg>2</arg>
</arguments>
<msg timestamp="20210514 14:07:01.040" level="INFO">Slept 2 seconds</msg>
<status status="PASS" starttime="20210514 14:06:59.029" endtime="20210514 14:07:01.041"></status>
</kw>
<kw name="Wait Until Element Is Visible" library="SeleniumLibrary">
<doc>Waits until the element ``locator`` is visible.</doc>
<arguments>
<arg>${SIViewReportRightArrow}</arg>
<arg>60 seconds</arg>
</arguments>
<status status="PASS" starttime="20210514 14:07:01.042" endtime="20210514 14:07:04.228"></status>
</kw>
<kw name="Capture Page Screenshot" library="SeleniumLibrary">
<doc>Takes a screenshot of the current page and embeds it into a log file.</doc>
<arguments>
<arg>${OUTPUTDIR}/Results/Stakeholder Individual View Reports Visible.png</arg>
</arguments>
<assign>
<var>${file1}</var>
</assign>
<msg timestamp="20210514 14:07:04.336" level="INFO" html="yes">&lt;/td&gt;&lt;/tr&gt;&lt;tr&gt;&lt;td colspan="3"&gt;&lt;a href="Results/Stakeholder%20Individual%20View%20Reports%20Visible.png"&gt;&lt;img src="Results/Stakeholder%20Individual%20View%20Reports%20Visible.png" width="800px"&gt;&lt;/a&gt;</msg>
<msg timestamp="20210514 14:07:04.336" level="INFO">${file1} = C:\Users\Delwin.Horsthemke\PycharmProjects\Robot_ST_Templates\results\StakeholderIndividual\Results\Stakeholder Individual View Reports Visible.png</msg>
<status status="PASS" starttime="20210514 14:07:04.228" endtime="20210514 14:07:04.336"></status>
</kw>
<kw name="Click Element" library="SeleniumLibrary">
<doc>Click the element identified by ``locator``.</doc>
<arguments>
<arg>${SIViewReportRightArrow}</arg>
</arguments>
<msg timestamp="20210514 14:07:04.337" level="INFO">Clicking element 'xpath://span[@id='viewer_ctl09_ctl00_Next_ctl00_ctl00']'.</msg>
<status status="PASS" starttime="20210514 14:07:04.336" endtime="20210514 14:07:04.402"></status>
</kw>
<kw name="Sleep" library="BuiltIn">
<doc>Pauses the test executed for the given time.</doc>
<arguments>
<arg>1</arg>
</arguments>
<msg timestamp="20210514 14:07:05.405" level="INFO">Slept 1 second</msg>
<status status="PASS" starttime="20210514 14:07:04.402" endtime="20210514 14:07:05.406"></status>
</kw>
<kw name="Wait Until Element Is Not Visible" library="SeleniumLibrary">
<doc>Waits until the element ``locator`` is not visible.</doc>
<arguments>
<arg>${SIViewReportsLoading}</arg>
</arguments>
<status status="PASS" starttime="20210514 14:07:05.406" endtime="20210514 14:07:08.336"></status>
</kw>
<kw name="Click Element" library="SeleniumLibrary">
<doc>Click the element identified by ``locator``.</doc>
<arguments>
<arg>${SIViewReportExportArrow}</arg>
</arguments>
<msg timestamp="20210514 14:07:08.337" level="INFO">Clicking element 'xpath://span[@id='viewer_ctl09_ctl04_ctl00_ButtonImgDown']'.</msg>
<status status="PASS" starttime="20210514 14:07:08.337" endtime="20210514 14:07:08.419"></status>
</kw>
<kw name="Sleep" library="BuiltIn">
<doc>Pauses the test executed for the given time.</doc>
<arguments>
<arg>1</arg>
</arguments>
<msg timestamp="20210514 14:07:09.424" level="INFO">Slept 1 second</msg>
<status status="PASS" starttime="20210514 14:07:08.419" endtime="20210514 14:07:09.424"></status>
</kw>
<kw name="Click Element" library="SeleniumLibrary">
<doc>Click the element identified by ``locator``.</doc>
<arguments>
<arg>${SIViewReportsWord}</arg>
</arguments>
<msg timestamp="20210514 14:07:09.425" level="INFO">Clicking element 'xpath://div[@id="viewer_ctl09_ctl04_ctl00_Menu"]/div[3]/a'.</msg>
<status status="PASS" starttime="20210514 14:07:09.425" endtime="20210514 14:07:09.605"></status>
</kw>
<kw name="Sleep" library="BuiltIn">
<doc>Pauses the test executed for the given time.</doc>
<arguments>
<arg>10</arg>
</arguments>
<msg timestamp="20210514 14:07:19.610" level="INFO">Slept 10 seconds</msg>
<status status="PASS" starttime="20210514 14:07:09.606" endtime="20210514 14:07:19.610"></status>
</kw>
<kw name="Close Window" library="SeleniumLibrary">
<doc>Closes currently opened and selected browser window/tab.</doc>
<status status="PASS" starttime="20210514 14:07:19.611" endtime="20210514 14:07:19.700"></status>
</kw>
<kw name="Sleep" library="BuiltIn">
<doc>Pauses the test executed for the given time.</doc>
<arguments>
<arg>2</arg>
</arguments>
<msg timestamp="20210514 14:07:21.715" level="INFO">Slept 2 seconds</msg>
<status status="PASS" starttime="20210514 14:07:19.700" endtime="20210514 14:07:21.715"></status>
</kw>
<kw name="Select Window" library="SeleniumLibrary">
<doc>DEPRECATED in SeleniumLibrary 4.0. , use `Switch Window` instead.</doc>
<arguments>
<arg>MAIN</arg>
</arguments>
<status status="PASS" starttime="20210514 14:07:21.716" endtime="20210514 14:07:21.728"></status>
</kw>
<status status="PASS" starttime="20210514 14:06:49.827" endtime="20210514 14:07:21.729"></status>
</kw>
<kw name="Full Stakeholder Individual Reports_AS" library="FR7-FR12AddEngagements-ViewResettlementProjects_Keywords">
<kw name="Select Frame" library="SeleniumLibrary">
<doc>Sets frame identified by ``locator`` as the current frame.</doc>
<arguments>
<arg>${iFrame}</arg>
</arguments>
<msg timestamp="20210514 14:07:21.731" level="INFO">Selecting frame 'xpath://iframe[@id='ifrMain']'.</msg>
<status status="PASS" starttime="20210514 14:07:21.730" endtime="20210514 14:07:21.796"></status>
</kw>
<kw name="Click Element" library="SeleniumLibrary">
<doc>Click the element identified by ``locator``.</doc>
<arguments>
<arg>${SIFullReportsBtn}</arg>
</arguments>
<msg timestamp="20210514 14:07:21.797" level="INFO">Clicking element 'xpath://span[@title='Full report ']'.</msg>
<status status="PASS" starttime="20210514 14:07:21.797" endtime="20210514 14:07:22.049"></status>
</kw>
<kw name="Switch Window" library="SeleniumLibrary">
<doc>Switches to browser window matching ``locator``.</doc>
<status status="PASS" starttime="20210514 14:07:22.049" endtime="20210514 14:07:22.086"></status>
</kw>
<kw name="Wait Until Element Is Visible" library="SeleniumLibrary">
<doc>Waits until the element ``locator`` is visible.</doc>
<arguments>
<arg>${SIReportsPopUpConfirm}</arg>
<arg>20 seconds</arg>
</arguments>
<status status="PASS" starttime="20210514 14:07:22.086" endtime="20210514 14:07:22.373"></status>
</kw>
<kw name="Click Element" library="SeleniumLibrary">
<doc>Click the element identified by ``locator``.</doc>
<arguments>
<arg>${SIReportsPopUpConfirm}</arg>
</arguments>
<msg timestamp="20210514 14:07:22.374" level="INFO">Clicking element 'xpath://div[@id='btnConfirmYes']'.</msg>
<status status="PASS" starttime="20210514 14:07:22.374" endtime="20210514 14:07:22.628"></status>
</kw>
<kw name="Sleep" library="BuiltIn">
<doc>Pauses the test executed for the given time.</doc>
<arguments>
<arg>5</arg>
</arguments>
<msg timestamp="20210514 14:07:27.629" level="INFO">Slept 5 seconds</msg>
<status status="PASS" starttime="20210514 14:07:22.628" endtime="20210514 14:07:27.629"></status>
</kw>
<kw name="Select Window" library="SeleniumLibrary">
<doc>DEPRECATED in SeleniumLibrary 4.0. , use `Switch Window` instead.</doc>
<arguments>
<arg>NEW</arg>
</arguments>
<status status="PASS" starttime="20210514 14:07:27.629" endtime="20210514 14:07:27.641"></status>
</kw>
<kw name="Sleep" library="BuiltIn">
<doc>Pauses the test executed for the given time.</doc>
<arguments>
<arg>2</arg>
</arguments>
<msg timestamp="20210514 14:07:29.646" level="INFO">Slept 2 seconds</msg>
<status status="PASS" starttime="20210514 14:07:27.641" endtime="20210514 14:07:29.646"></status>
</kw>
<kw name="Wait Until Element Is Visible" library="SeleniumLibrary">
<doc>Waits until the element ``locator`` is visible.</doc>
<arguments>
<arg>${SIViewReportRightArrow}</arg>
<arg>60 seconds</arg>
</arguments>
<status status="PASS" starttime="20210514 14:07:29.646" endtime="20210514 14:07:29.709"></status>
</kw>
<kw name="Capture Page Screenshot" library="SeleniumLibrary">
<doc>Takes a screenshot of the current page and embeds it into a log file.</doc>
<arguments>
<arg>${OUTPUTDIR}/Results/Stakeholder Individual Full Reports Visible.png</arg>
</arguments>
<assign>
<var>${file1}</var>
</assign>
<msg timestamp="20210514 14:07:29.840" level="INFO" html="yes">&lt;/td&gt;&lt;/tr&gt;&lt;tr&gt;&lt;td colspan="3"&gt;&lt;a href="Results/Stakeholder%20Individual%20Full%20Reports%20Visible.png"&gt;&lt;img src="Results/Stakeholder%20Individual%20Full%20Reports%20Visible.png" width="800px"&gt;&lt;/a&gt;</msg>
<msg timestamp="20210514 14:07:29.840" level="INFO">${file1} = C:\Users\Delwin.Horsthemke\PycharmProjects\Robot_ST_Templates\results\StakeholderIndividual\Results\Stakeholder Individual Full Reports Visible.png</msg>
<status status="PASS" starttime="20210514 14:07:29.709" endtime="20210514 14:07:29.840"></status>
</kw>
<kw name="Click Element" library="SeleniumLibrary">
<doc>Click the element identified by ``locator``.</doc>
<arguments>
<arg>${SIViewReportRightArrow}</arg>
</arguments>
<msg timestamp="20210514 14:07:29.843" level="INFO">Clicking element 'xpath://span[@id='viewer_ctl09_ctl00_Next_ctl00_ctl00']'.</msg>
<status status="PASS" starttime="20210514 14:07:29.842" endtime="20210514 14:07:29.952"></status>
</kw>
<kw name="Sleep" library="BuiltIn">
<doc>Pauses the test executed for the given time.</doc>
<arguments>
<arg>1</arg>
</arguments>
<msg timestamp="20210514 14:07:30.968" level="INFO">Slept 1 second</msg>
<status status="PASS" starttime="20210514 14:07:29.954" endtime="20210514 14:07:30.968"></status>
</kw>
<kw name="Wait Until Element Is Not Visible" library="SeleniumLibrary">
<doc>Waits until the element ``locator`` is not visible.</doc>
<arguments>
<arg>${SIViewReportsLoading}</arg>
</arguments>
<status status="PASS" starttime="20210514 14:07:30.969" endtime="20210514 14:07:33.359"></status>
</kw>
<kw name="Click Element" library="SeleniumLibrary">
<doc>Click the element identified by ``locator``.</doc>
<arguments>
<arg>${SIViewReportExportArrow}</arg>
</arguments>
<msg timestamp="20210514 14:07:33.360" level="INFO">Clicking element 'xpath://span[@id='viewer_ctl09_ctl04_ctl00_ButtonImgDown']'.</msg>
<status status="PASS" starttime="20210514 14:07:33.359" endtime="20210514 14:07:33.493"></status>
</kw>
<kw name="Sleep" library="BuiltIn">
<doc>Pauses the test executed for the given time.</doc>
<arguments>
<arg>1</arg>
</arguments>
<msg timestamp="20210514 14:07:34.504" level="INFO">Slept 1 second</msg>
<status status="PASS" starttime="20210514 14:07:33.494" endtime="20210514 14:07:34.506"></status>
</kw>
<kw name="Click Element" library="SeleniumLibrary">
<doc>Click the element identified by ``locator``.</doc>
<arguments>
<arg>${SIViewReportsWord}</arg>
</arguments>
<msg timestamp="20210514 14:07:34.508" level="INFO">Clicking element 'xpath://div[@id="viewer_ctl09_ctl04_ctl00_Menu"]/div[3]/a'.</msg>
<status status="PASS" starttime="20210514 14:07:34.507" endtime="20210514 14:07:34.698"></status>
</kw>
<kw name="Sleep" library="BuiltIn">
<doc>Pauses the test executed for the given time.</doc>
<arguments>
<arg>10</arg>
</arguments>
<msg timestamp="20210514 14:07:44.702" level="INFO">Slept 10 seconds</msg>
<status status="PASS" starttime="20210514 14:07:34.700" endtime="20210514 14:07:44.703"></status>
</kw>
<kw name="Close Window" library="SeleniumLibrary">
<doc>Closes currently opened and selected browser window/tab.</doc>
<status status="PASS" starttime="20210514 14:07:44.703" endtime="20210514 14:07:44.795"></status>
</kw>
<kw name="Sleep" library="BuiltIn">
<doc>Pauses the test executed for the given time.</doc>
<arguments>
<arg>2</arg>
</arguments>
<msg timestamp="20210514 14:07:46.802" level="INFO">Slept 2 seconds</msg>
<status status="PASS" starttime="20210514 14:07:44.796" endtime="20210514 14:07:46.803"></status>
</kw>
<kw name="Select Window" library="SeleniumLibrary">
<doc>DEPRECATED in SeleniumLibrary 4.0. , use `Switch Window` instead.</doc>
<arguments>
<arg>MAIN</arg>
</arguments>
<status status="PASS" starttime="20210514 14:07:46.805" endtime="20210514 14:07:46.832"></status>
</kw>
<status status="PASS" starttime="20210514 14:07:21.730" endtime="20210514 14:07:46.834"></status>
</kw>
<kw name="Close Browser" library="SeleniumLibrary">
<doc>Closes the current browser.</doc>
<status status="PASS" starttime="20210514 14:07:46.837" endtime="20210514 14:07:49.623"></status>
</kw>
<tags>
<tag>behavior-driven</tag>
</tags>
<status status="PASS" starttime="20210514 14:05:49.082" endtime="20210514 14:07:49.625" critical="yes"></status>
</test>
<kw name="Close Browser" library="SeleniumLibrary" type="teardown">
<doc>Closes the current browser.</doc>
<status status="PASS" starttime="20210514 14:07:49.638" endtime="20210514 14:07:49.640"></status>
</kw>
<doc>FR18_02_View Stakeholder Individual Reports_AlternateScenario</doc>
<status status="PASS" starttime="20210514 14:05:48.081" endtime="20210514 14:07:49.641"></status>
</suite>
<statistics>
<total>
<stat pass="1" fail="0">Critical Tests</stat>
<stat pass="1" fail="0">All Tests</stat>
</total>
<tag>
<stat pass="1" fail="0">behavior-driven</stat>
</tag>
<suite>
<stat pass="1" fail="0" id="s1" name="FR18 02 ViewStakeholderIndividualReports AS">FR18 02 ViewStakeholderIndividualReports AS</stat>
</suite>
</statistics>
<errors>
</errors>
</robot>
