<?xml version="1.0" encoding="UTF-8"?>
<robot generator="Robot 3.2.2 (Python 3.8.6 on win32)" generated="20210420 15:43:51.725" rpa="false">
<suite id="s1" name="FR18 02 ViewStakeholderIndividualReports AS" source="C:\Users\Delwin.Horsthemke\PycharmProjects\Robot_ST_Templates\TestCases\StakeholderIndividual\FR18_02_ViewStakeholderIndividualReports_AS.robot">
<test id="s1-t1" name="FR18_02_View Stakeholder Individual Reports_AlternateScenario">
<kw name="Launch IsoMetrix Application" library="keywords">
<kw name="Open Browser" library="SeleniumLibrary">
<doc>Opens a new browser instance to the optional ``url``.</doc>
<arguments>
<arg>${URL}</arg>
<arg>${BROWSER}</arg>
</arguments>
<msg timestamp="20210420 15:43:52.593" level="INFO">Opening browser 'chrome' to base url 'https://ch11.isometrix.net/IsoMetrix_Solutions_QASPTest/login.aspx'.</msg>
<status status="PASS" starttime="20210420 15:43:52.592" endtime="20210420 15:44:03.756"></status>
</kw>
<kw name="Set Selenium Implicit Wait" library="SeleniumLibrary">
<doc>Sets the implicit wait value used by Selenium.</doc>
<arguments>
<arg>10 seconds</arg>
</arguments>
<status status="PASS" starttime="20210420 15:44:03.757" endtime="20210420 15:44:03.759"></status>
</kw>
<kw name="Maximize Browser Window" library="SeleniumLibrary">
<doc>Maximizes current browser window.</doc>
<status status="PASS" starttime="20210420 15:44:03.759" endtime="20210420 15:44:03.986"></status>
</kw>
<kw name="Title Should Be" library="SeleniumLibrary">
<doc>Verifies that the current page title equals ``title``.</doc>
<arguments>
<arg>IsoMetrix</arg>
</arguments>
<msg timestamp="20210420 15:44:03.993" level="INFO">Page title is 'IsoMetrix'.</msg>
<status status="PASS" starttime="20210420 15:44:03.986" endtime="20210420 15:44:03.993"></status>
</kw>
<kw name="Wait Until Page Contains Element" library="SeleniumLibrary">
<doc>Waits until the element ``locator`` appears on the current page.</doc>
<arguments>
<arg>${SubmitButtonid}</arg>
</arguments>
<status status="PASS" starttime="20210420 15:44:03.994" endtime="20210420 15:44:04.018"></status>
</kw>
<status status="PASS" starttime="20210420 15:43:52.592" endtime="20210420 15:44:04.018"></status>
</kw>
<kw name="Login with Valid Credentials" library="keywords">
<doc>Login with Valid Credentials</doc>
<kw name="Input Text" library="SeleniumLibrary">
<doc>Types the given ``text`` into the text field identified by ``locator``.</doc>
<arguments>
<arg>${Usernameid}</arg>
<arg>${Username Value}</arg>
</arguments>
<msg timestamp="20210420 15:44:04.021" level="INFO">Typing text '2Manager' into text field 'id:txtUsername'.</msg>
<status status="PASS" starttime="20210420 15:44:04.020" endtime="20210420 15:44:04.271"></status>
</kw>
<kw name="Input Text" library="SeleniumLibrary">
<doc>Types the given ``text`` into the text field identified by ``locator``.</doc>
<arguments>
<arg>${Passwordid}</arg>
<arg>${Password Value}</arg>
</arguments>
<msg timestamp="20210420 15:44:04.272" level="INFO">Typing text 'Manager@202?' into text field 'id:txtPassword'.</msg>
<status status="PASS" starttime="20210420 15:44:04.271" endtime="20210420 15:44:04.460"></status>
</kw>
<kw name="Capture Page Screenshot" library="SeleniumLibrary">
<doc>Takes a screenshot of the current page and embeds it into a log file.</doc>
<arguments>
<arg>${OUTPUTDIR}/Results/Login-{index}.png</arg>
</arguments>
<assign>
<var>${file1}</var>
</assign>
<msg timestamp="20210420 15:44:04.794" level="INFO" html="yes">&lt;/td&gt;&lt;/tr&gt;&lt;tr&gt;&lt;td colspan="3"&gt;&lt;a href="Results/Login-1.png"&gt;&lt;img src="Results/Login-1.png" width="800px"&gt;&lt;/a&gt;</msg>
<msg timestamp="20210420 15:44:04.794" level="INFO">${file1} = C:\Users\Delwin.Horsthemke\PycharmProjects\Robot_ST_Templates\results\StakeholderIndividual\Results\Login-1.png</msg>
<status status="PASS" starttime="20210420 15:44:04.461" endtime="20210420 15:44:04.795"></status>
</kw>
<kw name="Click Element" library="SeleniumLibrary">
<doc>Click the element identified by ``locator``.</doc>
<arguments>
<arg>${SubmitButtonid}</arg>
</arguments>
<msg timestamp="20210420 15:44:04.795" level="INFO">Clicking element 'id:btnLoginSubmit'.</msg>
<status status="PASS" starttime="20210420 15:44:04.795" endtime="20210420 15:44:04.922"></status>
</kw>
<kw name="Wait Until Page Contains Element" library="SeleniumLibrary">
<doc>Waits until the element ``locator`` appears on the current page.</doc>
<arguments>
<arg>${SiteName}</arg>
</arguments>
<status status="PASS" starttime="20210420 15:44:04.923" endtime="20210420 15:44:09.421"></status>
</kw>
<kw name="Capture Page Screenshot" library="SeleniumLibrary">
<doc>Takes a screenshot of the current page and embeds it into a log file.</doc>
<arguments>
<arg>${OUTPUTDIR}/Results/Succesful_Login-{index}.png</arg>
</arguments>
<assign>
<var>${file1}</var>
</assign>
<msg timestamp="20210420 15:44:09.748" level="INFO" html="yes">&lt;/td&gt;&lt;/tr&gt;&lt;tr&gt;&lt;td colspan="3"&gt;&lt;a href="Results/Succesful_Login-1.png"&gt;&lt;img src="Results/Succesful_Login-1.png" width="800px"&gt;&lt;/a&gt;</msg>
<msg timestamp="20210420 15:44:09.748" level="INFO">${file1} = C:\Users\Delwin.Horsthemke\PycharmProjects\Robot_ST_Templates\results\StakeholderIndividual\Results\Succesful_Login-1.png</msg>
<status status="PASS" starttime="20210420 15:44:09.421" endtime="20210420 15:44:09.748"></status>
</kw>
<status status="PASS" starttime="20210420 15:44:04.019" endtime="20210420 15:44:09.748"></status>
</kw>
<kw name="ValidateSiteVersion" library="keywords">
<doc>This is to validate that the Site is on the correct version</doc>
<kw name="Wait Until Element Is Visible" library="SeleniumLibrary">
<doc>Waits until the element ``locator`` is visible.</doc>
<arguments>
<arg>${Sidebarlink}</arg>
<arg>60 seconds</arg>
</arguments>
<status status="PASS" starttime="20210420 15:44:09.750" endtime="20210420 15:44:09.802"></status>
</kw>
<kw name="Click Element" library="SeleniumLibrary">
<doc>Click the element identified by ``locator``.</doc>
<arguments>
<arg>${Sidebarlink}</arg>
</arguments>
<msg timestamp="20210420 15:44:09.803" level="INFO">Clicking element 'xpath://*[@id='default-page']/body/div/div[1]/a/i'.</msg>
<status status="PASS" starttime="20210420 15:44:09.802" endtime="20210420 15:44:10.348"></status>
</kw>
<kw name="Get Text" library="SeleniumLibrary">
<doc>Returns the text value of the element identified by ``locator``.</doc>
<arguments>
<arg>${FooterSiteVersion}</arg>
</arguments>
<status status="PASS" starttime="20210420 15:44:10.348" endtime="20210420 15:44:10.823"></status>
</kw>
<kw name="Log To Console" library="BuiltIn">
<doc>Logs the given message to the console.</doc>
<arguments>
<arg>${FooterSiteVersion}</arg>
</arguments>
<status status="PASS" starttime="20210420 15:44:10.823" endtime="20210420 15:44:10.841"></status>
</kw>
<kw name="Capture Page Screenshot" library="SeleniumLibrary">
<doc>Takes a screenshot of the current page and embeds it into a log file.</doc>
<arguments>
<arg>${OUTPUTDIR}/Results/SiteCorrectVersion-{index}.png</arg>
</arguments>
<assign>
<var>${file1}</var>
</assign>
<msg timestamp="20210420 15:44:11.396" level="INFO" html="yes">&lt;/td&gt;&lt;/tr&gt;&lt;tr&gt;&lt;td colspan="3"&gt;&lt;a href="Results/SiteCorrectVersion-1.png"&gt;&lt;img src="Results/SiteCorrectVersion-1.png" width="800px"&gt;&lt;/a&gt;</msg>
<msg timestamp="20210420 15:44:11.397" level="INFO">${file1} = C:\Users\Delwin.Horsthemke\PycharmProjects\Robot_ST_Templates\results\StakeholderIndividual\Results\SiteCorrectVersion-1.png</msg>
<status status="PASS" starttime="20210420 15:44:10.842" endtime="20210420 15:44:11.398"></status>
</kw>
<kw name="Sleep" library="BuiltIn">
<doc>Pauses the test executed for the given time.</doc>
<arguments>
<arg>1 seconds</arg>
</arguments>
<msg timestamp="20210420 15:44:12.400" level="INFO">Slept 1 second</msg>
<status status="PASS" starttime="20210420 15:44:11.398" endtime="20210420 15:44:12.400"></status>
</kw>
<kw name="Element Should Be Visible" library="SeleniumLibrary">
<doc>Verifies that the element identified by ``locator`` is visible.</doc>
<arguments>
<arg>${Sidebarlink}</arg>
</arguments>
<msg timestamp="20210420 15:44:12.428" level="INFO">Element 'xpath://*[@id='default-page']/body/div/div[1]/a/i' is displayed.</msg>
<status status="PASS" starttime="20210420 15:44:12.400" endtime="20210420 15:44:12.429"></status>
</kw>
<kw name="Click Element" library="SeleniumLibrary">
<doc>Click the element identified by ``locator``.</doc>
<arguments>
<arg>${Sidebarlink}</arg>
</arguments>
<msg timestamp="20210420 15:44:12.429" level="INFO">Clicking element 'xpath://*[@id='default-page']/body/div/div[1]/a/i'.</msg>
<status status="PASS" starttime="20210420 15:44:12.429" endtime="20210420 15:44:12.483"></status>
</kw>
<kw name="Select Frame" library="SeleniumLibrary">
<doc>Sets frame identified by ``locator`` as the current frame.</doc>
<arguments>
<arg>${iFrame}</arg>
</arguments>
<msg timestamp="20210420 15:44:12.484" level="INFO">Selecting frame 'xpath://iframe[@id='ifrMain']'.</msg>
<status status="PASS" starttime="20210420 15:44:12.483" endtime="20210420 15:44:12.879"></status>
</kw>
<kw name="Log To Console" library="BuiltIn">
<doc>Logs the given message to the console.</doc>
<arguments>
<arg>Switched to iFrame</arg>
</arguments>
<status status="PASS" starttime="20210420 15:44:12.881" endtime="20210420 15:44:12.882"></status>
</kw>
<kw name="Wait Until Element Is Visible" library="SeleniumLibrary">
<doc>Waits until the element ``locator`` is visible.</doc>
<arguments>
<arg>${SolutionsInterface}</arg>
<arg>60 seconds</arg>
</arguments>
<status status="PASS" starttime="20210420 15:44:12.883" endtime="20210420 15:44:13.040"></status>
</kw>
<kw name="Get Text" library="SeleniumLibrary">
<doc>Returns the text value of the element identified by ``locator``.</doc>
<arguments>
<arg>${SolutionsInterface}</arg>
</arguments>
<status status="PASS" starttime="20210420 15:44:13.040" endtime="20210420 15:44:13.106"></status>
</kw>
<kw name="Log To Console" library="BuiltIn">
<doc>Logs the given message to the console.</doc>
<arguments>
<arg>${SolutionsInterface}</arg>
</arguments>
<status status="PASS" starttime="20210420 15:44:13.106" endtime="20210420 15:44:13.107"></status>
</kw>
<status status="PASS" starttime="20210420 15:44:09.749" endtime="20210420 15:44:13.108"></status>
</kw>
<kw name="Navigate to Stakeholder Individual" library="SI_keywords">
<doc>This will navigate the system to the Stakeholder Individual Module</doc>
<kw name="Log To Console" library="BuiltIn">
<doc>Logs the given message to the console.</doc>
<arguments>
<arg>Click on Environment, Health &amp; Safety</arg>
</arguments>
<status status="PASS" starttime="20210420 15:44:13.112" endtime="20210420 15:44:13.115"></status>
</kw>
<kw name="Wait Until Element Is Visible" library="SeleniumLibrary">
<doc>Waits until the element ``locator`` is visible.</doc>
<arguments>
<arg>${EHSButton}</arg>
<arg>60 seconds</arg>
</arguments>
<status status="PASS" starttime="20210420 15:44:13.115" endtime="20210420 15:44:13.202"></status>
</kw>
<kw name="Click Element" library="SeleniumLibrary">
<doc>Click the element identified by ``locator``.</doc>
<arguments>
<arg>${EHSButton}</arg>
</arguments>
<msg timestamp="20210420 15:44:13.203" level="INFO">Clicking element 'xpath://label[text()='Environment, Health &amp; Safety']'.</msg>
<status status="PASS" starttime="20210420 15:44:13.202" endtime="20210420 15:44:13.434"></status>
</kw>
<kw name="Capture Page Screenshot" library="SeleniumLibrary">
<doc>Takes a screenshot of the current page and embeds it into a log file.</doc>
<arguments>
<arg>${OUTPUTDIR}/Results/Environment Health Safety-{index}.png</arg>
</arguments>
<assign>
<var>${file1}</var>
</assign>
<msg timestamp="20210420 15:44:14.182" level="INFO" html="yes">&lt;/td&gt;&lt;/tr&gt;&lt;tr&gt;&lt;td colspan="3"&gt;&lt;a href="Results/Environment%20Health%20Safety-1.png"&gt;&lt;img src="Results/Environment%20Health%20Safety-1.png" width="800px"&gt;&lt;/a&gt;</msg>
<msg timestamp="20210420 15:44:14.183" level="INFO">${file1} = C:\Users\Delwin.Horsthemke\PycharmProjects\Robot_ST_Templates\results\StakeholderIndividual\Results\Environment Health Safety-1.png</msg>
<status status="PASS" starttime="20210420 15:44:13.435" endtime="20210420 15:44:14.183"></status>
</kw>
<kw name="Log To Console" library="BuiltIn">
<doc>Logs the given message to the console.</doc>
<arguments>
<arg>Click on Stakeholder Management Interface Button</arg>
</arguments>
<status status="PASS" starttime="20210420 15:44:14.184" endtime="20210420 15:44:14.186"></status>
</kw>
<kw name="Wait Until Element Is Visible" library="SeleniumLibrary">
<doc>Waits until the element ``locator`` is visible.</doc>
<arguments>
<arg>${StakeholderManagement}</arg>
<arg>60 seconds</arg>
</arguments>
<status status="PASS" starttime="20210420 15:44:14.186" endtime="20210420 15:44:14.948"></status>
</kw>
<kw name="Click Element" library="SeleniumLibrary">
<doc>Click the element identified by ``locator``.</doc>
<arguments>
<arg>${StakeholderManagement}</arg>
</arguments>
<msg timestamp="20210420 15:44:14.949" level="INFO">Clicking element 'xpath://label[text()='Stakeholder Management']'.</msg>
<status status="PASS" starttime="20210420 15:44:14.948" endtime="20210420 15:44:15.087"></status>
</kw>
<kw name="Capture Page Screenshot" library="SeleniumLibrary">
<doc>Takes a screenshot of the current page and embeds it into a log file.</doc>
<arguments>
<arg>${OUTPUTDIR}/Results/Stakeholder Management Interface-{index}.png</arg>
</arguments>
<assign>
<var>${file1}</var>
</assign>
<msg timestamp="20210420 15:44:15.599" level="INFO" html="yes">&lt;/td&gt;&lt;/tr&gt;&lt;tr&gt;&lt;td colspan="3"&gt;&lt;a href="Results/Stakeholder%20Management%20Interface-1.png"&gt;&lt;img src="Results/Stakeholder%20Management%20Interface-1.png" width="800px"&gt;&lt;/a&gt;</msg>
<msg timestamp="20210420 15:44:15.600" level="INFO">${file1} = C:\Users\Delwin.Horsthemke\PycharmProjects\Robot_ST_Templates\results\StakeholderIndividual\Results\Stakeholder Management Interface-1.png</msg>
<status status="PASS" starttime="20210420 15:44:15.088" endtime="20210420 15:44:15.600"></status>
</kw>
<kw name="Log To Console" library="BuiltIn">
<doc>Logs the given message to the console.</doc>
<arguments>
<arg>Click on Stakeholder Individual Module Button</arg>
</arguments>
<status status="PASS" starttime="20210420 15:44:15.601" endtime="20210420 15:44:15.602"></status>
</kw>
<kw name="Wait Until Element Is Visible" library="SeleniumLibrary">
<doc>Waits until the element ``locator`` is visible.</doc>
<arguments>
<arg>${StakeholderIndividualBtn}</arg>
<arg>60 seconds</arg>
</arguments>
<status status="PASS" starttime="20210420 15:44:15.602" endtime="20210420 15:44:15.905"></status>
</kw>
<kw name="Sleep" library="BuiltIn">
<doc>Pauses the test executed for the given time.</doc>
<arguments>
<arg>1 second</arg>
</arguments>
<msg timestamp="20210420 15:44:16.916" level="INFO">Slept 1 second</msg>
<status status="PASS" starttime="20210420 15:44:15.906" endtime="20210420 15:44:16.917"></status>
</kw>
<kw name="Click Element" library="SeleniumLibrary">
<doc>Click the element identified by ``locator``.</doc>
<arguments>
<arg>${StakeholderIndividualBtn}</arg>
</arguments>
<msg timestamp="20210420 15:44:16.918" level="INFO">Clicking element 'xpath://label[contains(text(),'Stakeholder Individual')]'.</msg>
<status status="PASS" starttime="20210420 15:44:16.917" endtime="20210420 15:44:23.809"></status>
</kw>
<kw name="Wait Until Element Is Visible" library="SeleniumLibrary">
<doc>Waits until the element ``locator`` is visible.</doc>
<arguments>
<arg>${SIAddBtn}</arg>
<arg>60 seconds</arg>
</arguments>
<status status="PASS" starttime="20210420 15:44:23.810" endtime="20210420 15:44:51.300"></status>
</kw>
<kw name="Capture Page Screenshot" library="SeleniumLibrary">
<doc>Takes a screenshot of the current page and embeds it into a log file.</doc>
<arguments>
<arg>${OUTPUTDIR}/Results/Stakeholder Individual Module-{index}.png</arg>
</arguments>
<assign>
<var>${file1}</var>
</assign>
<msg timestamp="20210420 15:44:51.639" level="INFO" html="yes">&lt;/td&gt;&lt;/tr&gt;&lt;tr&gt;&lt;td colspan="3"&gt;&lt;a href="Results/Stakeholder%20Individual%20Module-1.png"&gt;&lt;img src="Results/Stakeholder%20Individual%20Module-1.png" width="800px"&gt;&lt;/a&gt;</msg>
<msg timestamp="20210420 15:44:51.639" level="INFO">${file1} = C:\Users\Delwin.Horsthemke\PycharmProjects\Robot_ST_Templates\results\StakeholderIndividual\Results\Stakeholder Individual Module-1.png</msg>
<status status="PASS" starttime="20210420 15:44:51.301" endtime="20210420 15:44:51.640"></status>
</kw>
<status status="PASS" starttime="20210420 15:44:13.110" endtime="20210420 15:44:51.640"></status>
</kw>
<kw name="View Stakeholder Individual Reports_AS" library="FR7-FR12AddEngagements-ViewResettlementProjects_Keywords">
<kw name="Log To Console" library="BuiltIn">
<doc>Logs the given message to the console.</doc>
<arguments>
<arg>Search Button</arg>
</arguments>
<status status="PASS" starttime="20210420 15:44:51.642" endtime="20210420 15:44:51.642"></status>
</kw>
<kw name="Click Element" library="SeleniumLibrary">
<doc>Click the element identified by ``locator``.</doc>
<arguments>
<arg>${SISearchButton}</arg>
</arguments>
<msg timestamp="20210420 15:44:51.643" level="INFO">Clicking element 'xpath://div[@id='btnActApplyFilter']/div[text()='Search']'.</msg>
<status status="PASS" starttime="20210420 15:44:51.643" endtime="20210420 15:44:51.771"></status>
</kw>
<kw name="Wait Until Element Is Visible" library="SeleniumLibrary">
<doc>Waits until the element ``locator`` is visible.</doc>
<arguments>
<arg>${SIRecords}</arg>
<arg>40 seconds</arg>
</arguments>
<status status="PASS" starttime="20210420 15:44:51.771" endtime="20210420 15:44:54.076"></status>
</kw>
<kw name="Capture Page Screenshot" library="SeleniumLibrary">
<doc>Takes a screenshot of the current page and embeds it into a log file.</doc>
<arguments>
<arg>${OUTPUTDIR}/Results/Stakeholder Individual Records Visible.png</arg>
</arguments>
<assign>
<var>${file1}</var>
</assign>
<msg timestamp="20210420 15:44:54.389" level="INFO" html="yes">&lt;/td&gt;&lt;/tr&gt;&lt;tr&gt;&lt;td colspan="3"&gt;&lt;a href="Results/Stakeholder%20Individual%20Records%20Visible.png"&gt;&lt;img src="Results/Stakeholder%20Individual%20Records%20Visible.png" width="800px"&gt;&lt;/a&gt;</msg>
<msg timestamp="20210420 15:44:54.390" level="INFO">${file1} = C:\Users\Delwin.Horsthemke\PycharmProjects\Robot_ST_Templates\results\StakeholderIndividual\Results\Stakeholder Individual Records Visible.png</msg>
<status status="PASS" starttime="20210420 15:44:54.076" endtime="20210420 15:44:54.390"></status>
</kw>
<kw name="Log To Console" library="BuiltIn">
<doc>Logs the given message to the console.</doc>
<arguments>
<arg>Stakeholder Individual Reports Button</arg>
</arguments>
<status status="PASS" starttime="20210420 15:44:54.390" endtime="20210420 15:44:54.391"></status>
</kw>
<kw name="Click Element" library="SeleniumLibrary">
<doc>Click the element identified by ``locator``.</doc>
<arguments>
<arg>${SIReportsBtn}</arg>
</arguments>
<msg timestamp="20210420 15:44:54.392" level="INFO">Clicking element 'xpath://div[@id='btnReports']'.</msg>
<status status="PASS" starttime="20210420 15:44:54.391" endtime="20210420 15:44:54.594"></status>
</kw>
<kw name="Wait Until Element Is Visible" library="SeleniumLibrary">
<doc>Waits until the element ``locator`` is visible.</doc>
<arguments>
<arg>${SIRecordReportSITitle}</arg>
<arg>40 seconds</arg>
</arguments>
<status status="PASS" starttime="20210420 15:44:54.595" endtime="20210420 15:44:54.724"></status>
</kw>
<kw name="Log To Console" library="BuiltIn">
<doc>Logs the given message to the console.</doc>
<arguments>
<arg>View Reports</arg>
</arguments>
<status status="PASS" starttime="20210420 15:44:54.724" endtime="20210420 15:44:54.725"></status>
</kw>
<kw name="Click Element" library="SeleniumLibrary">
<doc>Click the element identified by ``locator``.</doc>
<arguments>
<arg>${SIViewReportsBtn}</arg>
</arguments>
<msg timestamp="20210420 15:44:54.726" level="INFO">Clicking element 'xpath:(//div[@id='divSearchReports_E686D312-3E2F-4E66-9EAD-AC71C09267DD']/div/div[2]/div[2]/span[3])[2]'.</msg>
<status status="PASS" starttime="20210420 15:44:54.725" endtime="20210420 15:44:54.923"></status>
</kw>
<kw name="Log To Console" library="BuiltIn">
<doc>Logs the given message to the console.</doc>
<arguments>
<arg>Switch Window</arg>
</arguments>
<status status="PASS" starttime="20210420 15:44:54.923" endtime="20210420 15:44:54.924"></status>
</kw>
<kw name="Switch Window" library="SeleniumLibrary">
<doc>Switches to browser window matching ``locator``.</doc>
<status status="PASS" starttime="20210420 15:44:54.924" endtime="20210420 15:44:54.954"></status>
</kw>
<kw name="Wait Until Element Is Visible" library="SeleniumLibrary">
<doc>Waits until the element ``locator`` is visible.</doc>
<arguments>
<arg>${SIReportsPopUpConfirm}</arg>
<arg>20 seconds</arg>
</arguments>
<status status="PASS" starttime="20210420 15:44:54.954" endtime="20210420 15:44:55.270"></status>
</kw>
<kw name="Click Element" library="SeleniumLibrary">
<doc>Click the element identified by ``locator``.</doc>
<arguments>
<arg>${SIReportsPopUpConfirm}</arg>
</arguments>
<msg timestamp="20210420 15:44:55.271" level="INFO">Clicking element 'xpath://div[@id='btnConfirmYes']'.</msg>
<status status="PASS" starttime="20210420 15:44:55.271" endtime="20210420 15:44:55.487"></status>
</kw>
<kw name="Sleep" library="BuiltIn">
<doc>Pauses the test executed for the given time.</doc>
<arguments>
<arg>5</arg>
</arguments>
<msg timestamp="20210420 15:45:00.493" level="INFO">Slept 5 seconds</msg>
<status status="PASS" starttime="20210420 15:44:55.488" endtime="20210420 15:45:00.494"></status>
</kw>
<kw name="Log To Console" library="BuiltIn">
<doc>Logs the given message to the console.</doc>
<arguments>
<arg>Select Window - NEW</arg>
</arguments>
<status status="PASS" starttime="20210420 15:45:00.494" endtime="20210420 15:45:00.495"></status>
</kw>
<kw name="Select Window" library="SeleniumLibrary">
<doc>DEPRECATED in SeleniumLibrary 4.0. , use `Switch Window` instead.</doc>
<arguments>
<arg>NEW</arg>
</arguments>
<status status="PASS" starttime="20210420 15:45:00.496" endtime="20210420 15:45:00.513"></status>
</kw>
<kw name="Sleep" library="BuiltIn">
<doc>Pauses the test executed for the given time.</doc>
<arguments>
<arg>2</arg>
</arguments>
<msg timestamp="20210420 15:45:02.523" level="INFO">Slept 2 seconds</msg>
<status status="PASS" starttime="20210420 15:45:00.513" endtime="20210420 15:45:02.523"></status>
</kw>
<kw name="Log To Console" library="BuiltIn">
<doc>Logs the given message to the console.</doc>
<arguments>
<arg>Report Right Arrow</arg>
</arguments>
<status status="PASS" starttime="20210420 15:45:02.523" endtime="20210420 15:45:02.524"></status>
</kw>
<kw name="Wait Until Element Is Visible" library="SeleniumLibrary">
<doc>Waits until the element ``locator`` is visible.</doc>
<arguments>
<arg>${SIViewReportRightArrow}</arg>
<arg>60 seconds</arg>
</arguments>
<status status="PASS" starttime="20210420 15:45:02.524" endtime="20210420 15:45:05.725"></status>
</kw>
<kw name="Capture Page Screenshot" library="SeleniumLibrary">
<doc>Takes a screenshot of the current page and embeds it into a log file.</doc>
<arguments>
<arg>${OUTPUTDIR}/Results/Stakeholder Individual View Reports Visible.png</arg>
</arguments>
<assign>
<var>${file1}</var>
</assign>
<msg timestamp="20210420 15:45:06.034" level="INFO" html="yes">&lt;/td&gt;&lt;/tr&gt;&lt;tr&gt;&lt;td colspan="3"&gt;&lt;a href="Results/Stakeholder%20Individual%20View%20Reports%20Visible.png"&gt;&lt;img src="Results/Stakeholder%20Individual%20View%20Reports%20Visible.png" width="800px"&gt;&lt;/a&gt;</msg>
<msg timestamp="20210420 15:45:06.035" level="INFO">${file1} = C:\Users\Delwin.Horsthemke\PycharmProjects\Robot_ST_Templates\results\StakeholderIndividual\Results\Stakeholder Individual View Reports Visible.png</msg>
<status status="PASS" starttime="20210420 15:45:05.725" endtime="20210420 15:45:06.035"></status>
</kw>
<kw name="Click Element" library="SeleniumLibrary">
<doc>Click the element identified by ``locator``.</doc>
<arguments>
<arg>${SIViewReportRightArrow}</arg>
</arguments>
<msg timestamp="20210420 15:45:06.036" level="INFO">Clicking element 'xpath://span[@id='viewer_ctl09_ctl00_Next_ctl00_ctl00']'.</msg>
<status status="PASS" starttime="20210420 15:45:06.035" endtime="20210420 15:45:06.138"></status>
</kw>
<kw name="Sleep" library="BuiltIn">
<doc>Pauses the test executed for the given time.</doc>
<arguments>
<arg>1</arg>
</arguments>
<msg timestamp="20210420 15:45:07.153" level="INFO">Slept 1 second</msg>
<status status="PASS" starttime="20210420 15:45:06.138" endtime="20210420 15:45:07.153"></status>
</kw>
<kw name="Wait Until Element Is Not Visible" library="SeleniumLibrary">
<doc>Waits until the element ``locator`` is not visible.</doc>
<arguments>
<arg>${SIViewReportsLoading}</arg>
</arguments>
<status status="PASS" starttime="20210420 15:45:07.153" endtime="20210420 15:45:10.091"></status>
</kw>
<kw name="Log To Console" library="BuiltIn">
<doc>Logs the given message to the console.</doc>
<arguments>
<arg>Report Export Button</arg>
</arguments>
<status status="PASS" starttime="20210420 15:45:10.091" endtime="20210420 15:45:10.092"></status>
</kw>
<kw name="Click Element" library="SeleniumLibrary">
<doc>Click the element identified by ``locator``.</doc>
<arguments>
<arg>${SIViewReportExportArrow}</arg>
</arguments>
<msg timestamp="20210420 15:45:10.093" level="INFO">Clicking element 'xpath://span[@id='viewer_ctl09_ctl04_ctl00_ButtonImgDown']'.</msg>
<status status="PASS" starttime="20210420 15:45:10.092" endtime="20210420 15:45:10.170"></status>
</kw>
<kw name="Sleep" library="BuiltIn">
<doc>Pauses the test executed for the given time.</doc>
<arguments>
<arg>1</arg>
</arguments>
<msg timestamp="20210420 15:45:11.177" level="INFO">Slept 1 second</msg>
<status status="PASS" starttime="20210420 15:45:10.171" endtime="20210420 15:45:11.177"></status>
</kw>
<kw name="Click Element" library="SeleniumLibrary">
<doc>Click the element identified by ``locator``.</doc>
<arguments>
<arg>${SIViewReportsWord}</arg>
</arguments>
<msg timestamp="20210420 15:45:11.179" level="INFO">Clicking element 'xpath://div[@id="viewer_ctl09_ctl04_ctl00_Menu"]/div[3]/a'.</msg>
<status status="PASS" starttime="20210420 15:45:11.178" endtime="20210420 15:45:11.310"></status>
</kw>
<kw name="Sleep" library="BuiltIn">
<doc>Pauses the test executed for the given time.</doc>
<arguments>
<arg>10</arg>
</arguments>
<msg timestamp="20210420 15:45:21.325" level="INFO">Slept 10 seconds</msg>
<status status="PASS" starttime="20210420 15:45:11.311" endtime="20210420 15:45:21.325"></status>
</kw>
<kw name="Log To Console" library="BuiltIn">
<doc>Logs the given message to the console.</doc>
<arguments>
<arg>Close Window - MAIN</arg>
</arguments>
<status status="PASS" starttime="20210420 15:45:21.325" endtime="20210420 15:45:21.326"></status>
</kw>
<kw name="Close Window" library="SeleniumLibrary">
<doc>Closes currently opened and selected browser window/tab.</doc>
<status status="PASS" starttime="20210420 15:45:21.327" endtime="20210420 15:45:21.408"></status>
</kw>
<kw name="Sleep" library="BuiltIn">
<doc>Pauses the test executed for the given time.</doc>
<arguments>
<arg>2</arg>
</arguments>
<msg timestamp="20210420 15:45:23.419" level="INFO">Slept 2 seconds</msg>
<status status="PASS" starttime="20210420 15:45:21.408" endtime="20210420 15:45:23.419"></status>
</kw>
<kw name="Select Window" library="SeleniumLibrary">
<doc>DEPRECATED in SeleniumLibrary 4.0. , use `Switch Window` instead.</doc>
<arguments>
<arg>MAIN</arg>
</arguments>
<status status="PASS" starttime="20210420 15:45:23.419" endtime="20210420 15:45:23.428"></status>
</kw>
<status status="PASS" starttime="20210420 15:44:51.641" endtime="20210420 15:45:23.428"></status>
</kw>
<kw name="Full Stakeholder Individual Reports_AS" library="FR7-FR12AddEngagements-ViewResettlementProjects_Keywords">
<kw name="Log To Console" library="BuiltIn">
<doc>Logs the given message to the console.</doc>
<arguments>
<arg>Full Reports</arg>
</arguments>
<status status="PASS" starttime="20210420 15:45:23.429" endtime="20210420 15:45:23.430"></status>
</kw>
<kw name="Select Frame" library="SeleniumLibrary">
<doc>Sets frame identified by ``locator`` as the current frame.</doc>
<arguments>
<arg>${iFrame}</arg>
</arguments>
<msg timestamp="20210420 15:45:23.430" level="INFO">Selecting frame 'xpath://iframe[@id='ifrMain']'.</msg>
<status status="PASS" starttime="20210420 15:45:23.430" endtime="20210420 15:45:23.464"></status>
</kw>
<kw name="Click Element" library="SeleniumLibrary">
<doc>Click the element identified by ``locator``.</doc>
<arguments>
<arg>${SIFullReportsBtn}</arg>
</arguments>
<msg timestamp="20210420 15:45:23.465" level="INFO">Clicking element 'xpath://span[@title='Full report ']'.</msg>
<status status="PASS" starttime="20210420 15:45:23.464" endtime="20210420 15:45:23.621"></status>
</kw>
<kw name="Log To Console" library="BuiltIn">
<doc>Logs the given message to the console.</doc>
<arguments>
<arg>Switch Window</arg>
</arguments>
<status status="PASS" starttime="20210420 15:45:23.621" endtime="20210420 15:45:23.622"></status>
</kw>
<kw name="Switch Window" library="SeleniumLibrary">
<doc>Switches to browser window matching ``locator``.</doc>
<status status="PASS" starttime="20210420 15:45:23.622" endtime="20210420 15:45:23.635"></status>
</kw>
<kw name="Wait Until Element Is Visible" library="SeleniumLibrary">
<doc>Waits until the element ``locator`` is visible.</doc>
<arguments>
<arg>${SIReportsPopUpConfirm}</arg>
<arg>20 seconds</arg>
</arguments>
<status status="PASS" starttime="20210420 15:45:23.635" endtime="20210420 15:45:23.901"></status>
</kw>
<kw name="Click Element" library="SeleniumLibrary">
<doc>Click the element identified by ``locator``.</doc>
<arguments>
<arg>${SIReportsPopUpConfirm}</arg>
</arguments>
<msg timestamp="20210420 15:45:23.902" level="INFO">Clicking element 'xpath://div[@id='btnConfirmYes']'.</msg>
<status status="PASS" starttime="20210420 15:45:23.901" endtime="20210420 15:45:24.043"></status>
</kw>
<kw name="Sleep" library="BuiltIn">
<doc>Pauses the test executed for the given time.</doc>
<arguments>
<arg>5</arg>
</arguments>
<msg timestamp="20210420 15:45:29.066" level="INFO">Slept 5 seconds</msg>
<status status="PASS" starttime="20210420 15:45:24.043" endtime="20210420 15:45:29.067"></status>
</kw>
<kw name="Log To Console" library="BuiltIn">
<doc>Logs the given message to the console.</doc>
<arguments>
<arg>Select Window - NEW</arg>
</arguments>
<status status="PASS" starttime="20210420 15:45:29.067" endtime="20210420 15:45:29.091"></status>
</kw>
<kw name="Select Window" library="SeleniumLibrary">
<doc>DEPRECATED in SeleniumLibrary 4.0. , use `Switch Window` instead.</doc>
<arguments>
<arg>NEW</arg>
</arguments>
<status status="PASS" starttime="20210420 15:45:29.091" endtime="20210420 15:45:29.124"></status>
</kw>
<kw name="Sleep" library="BuiltIn">
<doc>Pauses the test executed for the given time.</doc>
<arguments>
<arg>2</arg>
</arguments>
<msg timestamp="20210420 15:45:31.135" level="INFO">Slept 2 seconds</msg>
<status status="PASS" starttime="20210420 15:45:29.125" endtime="20210420 15:45:31.135"></status>
</kw>
<kw name="Log To Console" library="BuiltIn">
<doc>Logs the given message to the console.</doc>
<arguments>
<arg>Report Right Arrow</arg>
</arguments>
<status status="PASS" starttime="20210420 15:45:31.136" endtime="20210420 15:45:31.136"></status>
</kw>
<kw name="Wait Until Element Is Visible" library="SeleniumLibrary">
<doc>Waits until the element ``locator`` is visible.</doc>
<arguments>
<arg>${SIViewReportRightArrow}</arg>
<arg>60 seconds</arg>
</arguments>
<status status="PASS" starttime="20210420 15:45:31.137" endtime="20210420 15:45:31.188"></status>
</kw>
<kw name="Capture Page Screenshot" library="SeleniumLibrary">
<doc>Takes a screenshot of the current page and embeds it into a log file.</doc>
<arguments>
<arg>${OUTPUTDIR}/Results/Stakeholder Individual Full Reports Visible.png</arg>
</arguments>
<assign>
<var>${file1}</var>
</assign>
<msg timestamp="20210420 15:45:31.484" level="INFO" html="yes">&lt;/td&gt;&lt;/tr&gt;&lt;tr&gt;&lt;td colspan="3"&gt;&lt;a href="Results/Stakeholder%20Individual%20Full%20Reports%20Visible.png"&gt;&lt;img src="Results/Stakeholder%20Individual%20Full%20Reports%20Visible.png" width="800px"&gt;&lt;/a&gt;</msg>
<msg timestamp="20210420 15:45:31.485" level="INFO">${file1} = C:\Users\Delwin.Horsthemke\PycharmProjects\Robot_ST_Templates\results\StakeholderIndividual\Results\Stakeholder Individual Full Reports Visible.png</msg>
<status status="PASS" starttime="20210420 15:45:31.188" endtime="20210420 15:45:31.485"></status>
</kw>
<kw name="Click Element" library="SeleniumLibrary">
<doc>Click the element identified by ``locator``.</doc>
<arguments>
<arg>${SIViewReportRightArrow}</arg>
</arguments>
<msg timestamp="20210420 15:45:31.485" level="INFO">Clicking element 'xpath://span[@id='viewer_ctl09_ctl00_Next_ctl00_ctl00']'.</msg>
<status status="PASS" starttime="20210420 15:45:31.485" endtime="20210420 15:45:31.575"></status>
</kw>
<kw name="Sleep" library="BuiltIn">
<doc>Pauses the test executed for the given time.</doc>
<arguments>
<arg>1</arg>
</arguments>
<msg timestamp="20210420 15:45:32.585" level="INFO">Slept 1 second</msg>
<status status="PASS" starttime="20210420 15:45:31.575" endtime="20210420 15:45:32.585"></status>
</kw>
<kw name="Wait Until Element Is Not Visible" library="SeleniumLibrary">
<doc>Waits until the element ``locator`` is not visible.</doc>
<arguments>
<arg>${SIViewReportsLoading}</arg>
</arguments>
<status status="PASS" starttime="20210420 15:45:32.585" endtime="20210420 15:45:34.909"></status>
</kw>
<kw name="Log To Console" library="BuiltIn">
<doc>Logs the given message to the console.</doc>
<arguments>
<arg>Report Export Button</arg>
</arguments>
<status status="PASS" starttime="20210420 15:45:34.909" endtime="20210420 15:45:34.911"></status>
</kw>
<kw name="Click Element" library="SeleniumLibrary">
<doc>Click the element identified by ``locator``.</doc>
<arguments>
<arg>${SIViewReportExportArrow}</arg>
</arguments>
<msg timestamp="20210420 15:45:34.912" level="INFO">Clicking element 'xpath://span[@id='viewer_ctl09_ctl04_ctl00_ButtonImgDown']'.</msg>
<status status="PASS" starttime="20210420 15:45:34.911" endtime="20210420 15:45:35.001"></status>
</kw>
<kw name="Sleep" library="BuiltIn">
<doc>Pauses the test executed for the given time.</doc>
<arguments>
<arg>1</arg>
</arguments>
<msg timestamp="20210420 15:45:36.007" level="INFO">Slept 1 second</msg>
<status status="PASS" starttime="20210420 15:45:35.001" endtime="20210420 15:45:36.007"></status>
</kw>
<kw name="Click Element" library="SeleniumLibrary">
<doc>Click the element identified by ``locator``.</doc>
<arguments>
<arg>${SIViewReportsWord}</arg>
</arguments>
<msg timestamp="20210420 15:45:36.008" level="INFO">Clicking element 'xpath://div[@id="viewer_ctl09_ctl04_ctl00_Menu"]/div[3]/a'.</msg>
<status status="PASS" starttime="20210420 15:45:36.007" endtime="20210420 15:45:36.154"></status>
</kw>
<kw name="Sleep" library="BuiltIn">
<doc>Pauses the test executed for the given time.</doc>
<arguments>
<arg>10</arg>
</arguments>
<msg timestamp="20210420 15:45:46.167" level="INFO">Slept 10 seconds</msg>
<status status="PASS" starttime="20210420 15:45:36.154" endtime="20210420 15:45:46.167"></status>
</kw>
<kw name="Log To Console" library="BuiltIn">
<doc>Logs the given message to the console.</doc>
<arguments>
<arg>Close Window - MAIN</arg>
</arguments>
<status status="PASS" starttime="20210420 15:45:46.168" endtime="20210420 15:45:46.168"></status>
</kw>
<kw name="Close Window" library="SeleniumLibrary">
<doc>Closes currently opened and selected browser window/tab.</doc>
<status status="PASS" starttime="20210420 15:45:46.169" endtime="20210420 15:45:46.241"></status>
</kw>
<kw name="Sleep" library="BuiltIn">
<doc>Pauses the test executed for the given time.</doc>
<arguments>
<arg>2</arg>
</arguments>
<msg timestamp="20210420 15:45:48.250" level="INFO">Slept 2 seconds</msg>
<status status="PASS" starttime="20210420 15:45:46.242" endtime="20210420 15:45:48.250"></status>
</kw>
<kw name="Select Window" library="SeleniumLibrary">
<doc>DEPRECATED in SeleniumLibrary 4.0. , use `Switch Window` instead.</doc>
<arguments>
<arg>MAIN</arg>
</arguments>
<status status="PASS" starttime="20210420 15:45:48.251" endtime="20210420 15:45:48.259"></status>
</kw>
<status status="PASS" starttime="20210420 15:45:23.429" endtime="20210420 15:45:48.259"></status>
</kw>
<kw name="Close Browser" library="SeleniumLibrary">
<doc>Closes the current browser.</doc>
<status status="PASS" starttime="20210420 15:45:48.260" endtime="20210420 15:45:50.903"></status>
</kw>
<tags>
<tag>behavior-driven</tag>
</tags>
<status status="PASS" starttime="20210420 15:43:52.591" endtime="20210420 15:45:50.904" critical="yes"></status>
</test>
<kw name="Close Browser" library="SeleniumLibrary" type="teardown">
<doc>Closes the current browser.</doc>
<status status="PASS" starttime="20210420 15:45:50.910" endtime="20210420 15:45:50.910"></status>
</kw>
<doc>FR18_02_View Stakeholder Individual Reports_AlternateScenario</doc>
<status status="PASS" starttime="20210420 15:43:51.729" endtime="20210420 15:45:50.910"></status>
</suite>
<statistics>
<total>
<stat pass="1" fail="0">Critical Tests</stat>
<stat pass="1" fail="0">All Tests</stat>
</total>
<tag>
<stat pass="1" fail="0">behavior-driven</stat>
</tag>
<suite>
<stat pass="1" fail="0" id="s1" name="FR18 02 ViewStakeholderIndividualReports AS">FR18 02 ViewStakeholderIndividualReports AS</stat>
</suite>
</statistics>
<errors>
</errors>
</robot>
