<?xml version="1.0" encoding="UTF-8"?>
<robot generator="Robot 3.2.2 (Python 3.8.6 on win32)" generated="20210604 15:08:28.981" rpa="false">
<suite id="s1" name="FR4 01 SignOffAction AS &amp; FR4 01 SignOffAction MS &amp; FR5 01 ViewAllActions MS &amp; FR6 01 OverdueActions MS">
<suite id="s1-s1" name="FR4 01 SignOffAction AS" source="C:\Users\Delwin.Horsthemke\PycharmProjects\Robot_ST_Templates\TestCases\TEMP\FR4_01_SignOffAction_AS.robot">
<test id="s1-s1-t1" name="FR2_01_CaptureActionFeedback_AlternateScenario2">
<kw name="Launch IsoMetrix Application" library="keywords">
<kw name="Open Browser" library="SeleniumLibrary">
<doc>Opens a new browser instance to the optional ``url``.</doc>
<arguments>
<arg>${URL}</arg>
<arg>${BROWSER}</arg>
</arguments>
<msg timestamp="20210604 15:08:31.587" level="INFO">Opening browser 'chrome' to base url 'https://usazu-pr01.isometrix.net/IsoMetrix.Solutions.QA/default.aspx'.</msg>
<status status="PASS" starttime="20210604 15:08:31.586" endtime="20210604 15:08:39.195"></status>
</kw>
<kw name="Set Selenium Implicit Wait" library="SeleniumLibrary">
<doc>Sets the implicit wait value used by Selenium.</doc>
<arguments>
<arg>10 seconds</arg>
</arguments>
<status status="PASS" starttime="20210604 15:08:39.195" endtime="20210604 15:08:39.200"></status>
</kw>
<kw name="Maximize Browser Window" library="SeleniumLibrary">
<doc>Maximizes current browser window.</doc>
<status status="PASS" starttime="20210604 15:08:39.200" endtime="20210604 15:08:39.404"></status>
</kw>
<kw name="Title Should Be" library="SeleniumLibrary">
<doc>Verifies that the current page title equals ``title``.</doc>
<arguments>
<arg>IsoMetrix</arg>
</arguments>
<msg timestamp="20210604 15:08:39.424" level="INFO">Page title is 'IsoMetrix'.</msg>
<status status="PASS" starttime="20210604 15:08:39.405" endtime="20210604 15:08:39.424"></status>
</kw>
<kw name="Wait Until Page Contains Element" library="SeleniumLibrary">
<doc>Waits until the element ``locator`` appears on the current page.</doc>
<arguments>
<arg>${SubmitButtonid}</arg>
</arguments>
<status status="PASS" starttime="20210604 15:08:39.424" endtime="20210604 15:08:39.461"></status>
</kw>
<status status="PASS" starttime="20210604 15:08:31.586" endtime="20210604 15:08:39.462"></status>
</kw>
<kw name="Login with Valid Credentials" library="keywords">
<doc>Login with Valid Credentials</doc>
<kw name="Input Text" library="SeleniumLibrary">
<doc>Types the given ``text`` into the text field identified by ``locator``.</doc>
<arguments>
<arg>${Usernameid}</arg>
<arg>${Username Value}</arg>
</arguments>
<msg timestamp="20210604 15:08:39.464" level="INFO">Typing text 'Manager' into text field 'id:txtUsername'.</msg>
<status status="PASS" starttime="20210604 15:08:39.464" endtime="20210604 15:08:39.711"></status>
</kw>
<kw name="Input Text" library="SeleniumLibrary">
<doc>Types the given ``text`` into the text field identified by ``locator``.</doc>
<arguments>
<arg>${Passwordid}</arg>
<arg>${Password Value}</arg>
</arguments>
<msg timestamp="20210604 15:08:39.712" level="INFO">Typing text 'Manager-2021' into text field 'id:txtPassword'.</msg>
<status status="PASS" starttime="20210604 15:08:39.712" endtime="20210604 15:08:40.073"></status>
</kw>
<kw name="Capture Page Screenshot" library="SeleniumLibrary">
<doc>Takes a screenshot of the current page and embeds it into a log file.</doc>
<arguments>
<arg>${OUTPUTDIR}/Results/Login-{index}.png</arg>
</arguments>
<assign>
<var>${file1}</var>
</assign>
<msg timestamp="20210604 15:08:40.315" level="INFO" html="yes">&lt;/td&gt;&lt;/tr&gt;&lt;tr&gt;&lt;td colspan="3"&gt;&lt;a href="Results/Login-7.png"&gt;&lt;img src="Results/Login-7.png" width="800px"&gt;&lt;/a&gt;</msg>
<msg timestamp="20210604 15:08:40.317" level="INFO">${file1} = C:\Users\Delwin.Horsthemke\PycharmProjects\Robot_ST_Templates\results\Actions\Results\Login-7.png</msg>
<status status="PASS" starttime="20210604 15:08:40.073" endtime="20210604 15:08:40.317"></status>
</kw>
<kw name="Click Element" library="SeleniumLibrary">
<doc>Click the element identified by ``locator``.</doc>
<arguments>
<arg>${SubmitButtonid}</arg>
</arguments>
<msg timestamp="20210604 15:08:40.319" level="INFO">Clicking element 'id:btnLoginSubmit'.</msg>
<status status="PASS" starttime="20210604 15:08:40.318" endtime="20210604 15:08:40.453"></status>
</kw>
<kw name="Capture Page Screenshot" library="SeleniumLibrary">
<doc>Takes a screenshot of the current page and embeds it into a log file.</doc>
<arguments>
<arg>${OUTPUTDIR}/Results/Succesful_Login-{index}.png</arg>
</arguments>
<assign>
<var>${file1}</var>
</assign>
<msg timestamp="20210604 15:08:40.865" level="INFO" html="yes">&lt;/td&gt;&lt;/tr&gt;&lt;tr&gt;&lt;td colspan="3"&gt;&lt;a href="Results/Succesful_Login-7.png"&gt;&lt;img src="Results/Succesful_Login-7.png" width="800px"&gt;&lt;/a&gt;</msg>
<msg timestamp="20210604 15:08:40.865" level="INFO">${file1} = C:\Users\Delwin.Horsthemke\PycharmProjects\Robot_ST_Templates\results\Actions\Results\Succesful_Login-7.png</msg>
<status status="PASS" starttime="20210604 15:08:40.454" endtime="20210604 15:08:40.865"></status>
</kw>
<status status="PASS" starttime="20210604 15:08:39.463" endtime="20210604 15:08:40.865"></status>
</kw>
<kw name="ValidateSiteVersion" library="keywords">
<doc>This is to validate that the Site is on the correct version</doc>
<kw name="Wait Until Element Is Visible" library="SeleniumLibrary">
<doc>Waits until the element ``locator`` is visible.</doc>
<arguments>
<arg>${Sidebarlink}</arg>
<arg>60 seconds</arg>
</arguments>
<status status="PASS" starttime="20210604 15:08:40.867" endtime="20210604 15:08:44.287"></status>
</kw>
<kw name="Click Element" library="SeleniumLibrary">
<doc>Click the element identified by ``locator``.</doc>
<arguments>
<arg>${Sidebarlink}</arg>
</arguments>
<msg timestamp="20210604 15:08:44.288" level="INFO">Clicking element 'xpath://*[@id='default-page']/body/div/div[1]/a/i'.</msg>
<status status="PASS" starttime="20210604 15:08:44.287" endtime="20210604 15:08:44.484"></status>
</kw>
<kw name="Get Text" library="SeleniumLibrary">
<doc>Returns the text value of the element identified by ``locator``.</doc>
<arguments>
<arg>${FooterSiteVersion}</arg>
</arguments>
<status status="PASS" starttime="20210604 15:08:44.484" endtime="20210604 15:08:44.671"></status>
</kw>
<kw name="Capture Page Screenshot" library="SeleniumLibrary">
<doc>Takes a screenshot of the current page and embeds it into a log file.</doc>
<arguments>
<arg>${OUTPUTDIR}/Results/SiteCorrectVersion-{index}.png</arg>
</arguments>
<assign>
<var>${file1}</var>
</assign>
<msg timestamp="20210604 15:08:46.737" level="INFO" html="yes">&lt;/td&gt;&lt;/tr&gt;&lt;tr&gt;&lt;td colspan="3"&gt;&lt;a href="Results/SiteCorrectVersion-7.png"&gt;&lt;img src="Results/SiteCorrectVersion-7.png" width="800px"&gt;&lt;/a&gt;</msg>
<msg timestamp="20210604 15:08:46.738" level="INFO">${file1} = C:\Users\Delwin.Horsthemke\PycharmProjects\Robot_ST_Templates\results\Actions\Results\SiteCorrectVersion-7.png</msg>
<status status="PASS" starttime="20210604 15:08:44.673" endtime="20210604 15:08:46.738"></status>
</kw>
<kw name="Sleep" library="BuiltIn">
<doc>Pauses the test executed for the given time.</doc>
<arguments>
<arg>1 seconds</arg>
</arguments>
<msg timestamp="20210604 15:08:47.748" level="INFO">Slept 1 second</msg>
<status status="PASS" starttime="20210604 15:08:46.738" endtime="20210604 15:08:47.748"></status>
</kw>
<kw name="Element Should Be Visible" library="SeleniumLibrary">
<doc>Verifies that the element identified by ``locator`` is visible.</doc>
<arguments>
<arg>${Sidebarlink}</arg>
</arguments>
<msg timestamp="20210604 15:08:47.788" level="INFO">Element 'xpath://*[@id='default-page']/body/div/div[1]/a/i' is displayed.</msg>
<status status="PASS" starttime="20210604 15:08:47.748" endtime="20210604 15:08:47.788"></status>
</kw>
<kw name="Click Element" library="SeleniumLibrary">
<doc>Click the element identified by ``locator``.</doc>
<arguments>
<arg>${Sidebarlink}</arg>
</arguments>
<msg timestamp="20210604 15:08:47.790" level="INFO">Clicking element 'xpath://*[@id='default-page']/body/div/div[1]/a/i'.</msg>
<status status="PASS" starttime="20210604 15:08:47.789" endtime="20210604 15:08:47.873"></status>
</kw>
<kw name="Select Frame" library="SeleniumLibrary">
<doc>Sets frame identified by ``locator`` as the current frame.</doc>
<arguments>
<arg>${iFrame}</arg>
</arguments>
<msg timestamp="20210604 15:08:47.879" level="INFO">Selecting frame 'xpath://iframe[@id='ifrMain']'.</msg>
<status status="PASS" starttime="20210604 15:08:47.878" endtime="20210604 15:08:48.388"></status>
</kw>
<kw name="Wait Until Element Is Visible" library="SeleniumLibrary">
<doc>Waits until the element ``locator`` is visible.</doc>
<arguments>
<arg>${SolutionsInterface}</arg>
<arg>60 seconds</arg>
</arguments>
<status status="PASS" starttime="20210604 15:08:48.390" endtime="20210604 15:08:48.502"></status>
</kw>
<kw name="Get Text" library="SeleniumLibrary">
<doc>Returns the text value of the element identified by ``locator``.</doc>
<arguments>
<arg>${SolutionsInterface}</arg>
</arguments>
<status status="PASS" starttime="20210604 15:08:48.502" endtime="20210604 15:08:48.604"></status>
</kw>
<status status="PASS" starttime="20210604 15:08:40.866" endtime="20210604 15:08:48.604"></status>
</kw>
<kw name="Navigate to Ad-Hoc Actions Module" library="FR1_CaptureActions_Keywords">
<doc>This will navigate the system to the Ad-Hoc Actions Module</doc>
<kw name="Log To Console" library="BuiltIn">
<doc>Logs the given message to the console.</doc>
<arguments>
<arg>Click on Environment, Health &amp; Safety</arg>
</arguments>
<status status="PASS" starttime="20210604 15:08:48.613" endtime="20210604 15:08:48.615"></status>
</kw>
<kw name="Wait Until Element Is Visible" library="SeleniumLibrary">
<doc>Waits until the element ``locator`` is visible.</doc>
<arguments>
<arg>${EHSButton}</arg>
<arg>60 seconds</arg>
</arguments>
<status status="PASS" starttime="20210604 15:08:48.616" endtime="20210604 15:08:48.717"></status>
</kw>
<kw name="Click Element" library="SeleniumLibrary">
<doc>Click the element identified by ``locator``.</doc>
<arguments>
<arg>${EHSButton}</arg>
</arguments>
<msg timestamp="20210604 15:08:48.718" level="INFO">Clicking element 'xpath://label[text()='Environment, Health &amp; Safety']'.</msg>
<status status="PASS" starttime="20210604 15:08:48.717" endtime="20210604 15:08:49.087"></status>
</kw>
<kw name="Capture Page Screenshot" library="SeleniumLibrary">
<doc>Takes a screenshot of the current page and embeds it into a log file.</doc>
<arguments>
<arg>${OUTPUTDIR}/Results/Environment Health Safety.png</arg>
</arguments>
<assign>
<var>${file1}</var>
</assign>
<msg timestamp="20210604 15:08:49.370" level="INFO" html="yes">&lt;/td&gt;&lt;/tr&gt;&lt;tr&gt;&lt;td colspan="3"&gt;&lt;a href="Results/Environment%20Health%20Safety.png"&gt;&lt;img src="Results/Environment%20Health%20Safety.png" width="800px"&gt;&lt;/a&gt;</msg>
<msg timestamp="20210604 15:08:49.370" level="INFO">${file1} = C:\Users\Delwin.Horsthemke\PycharmProjects\Robot_ST_Templates\results\Actions\Results\Environment Health Safety.png</msg>
<status status="PASS" starttime="20210604 15:08:49.088" endtime="20210604 15:08:49.370"></status>
</kw>
<kw name="Log To Console" library="BuiltIn">
<doc>Logs the given message to the console.</doc>
<arguments>
<arg>Click on Ad-Hoc Actions Button</arg>
</arguments>
<status status="PASS" starttime="20210604 15:08:49.370" endtime="20210604 15:08:49.372"></status>
</kw>
<kw name="Wait Until Element Is Visible" library="SeleniumLibrary">
<doc>Waits until the element ``locator`` is visible.</doc>
<arguments>
<arg>${AdHocActions}</arg>
<arg>60 seconds</arg>
</arguments>
<status status="PASS" starttime="20210604 15:08:49.373" endtime="20210604 15:08:50.780"></status>
</kw>
<kw name="Click Element" library="SeleniumLibrary">
<doc>Click the element identified by ``locator``.</doc>
<arguments>
<arg>${AdHocActions}</arg>
</arguments>
<msg timestamp="20210604 15:08:50.781" level="INFO">Clicking element 'xpath://label[text()='Ad-Hoc Actions']'.</msg>
<status status="PASS" starttime="20210604 15:08:50.780" endtime="20210604 15:08:53.424"></status>
</kw>
<kw name="Capture Page Screenshot" library="SeleniumLibrary">
<doc>Takes a screenshot of the current page and embeds it into a log file.</doc>
<arguments>
<arg>${OUTPUTDIR}/Results/Ad-Hoc Actions Module.png</arg>
</arguments>
<assign>
<var>${file1}</var>
</assign>
<msg timestamp="20210604 15:08:54.034" level="INFO" html="yes">&lt;/td&gt;&lt;/tr&gt;&lt;tr&gt;&lt;td colspan="3"&gt;&lt;a href="Results/Ad-Hoc%20Actions%20Module.png"&gt;&lt;img src="Results/Ad-Hoc%20Actions%20Module.png" width="800px"&gt;&lt;/a&gt;</msg>
<msg timestamp="20210604 15:08:54.034" level="INFO">${file1} = C:\Users\Delwin.Horsthemke\PycharmProjects\Robot_ST_Templates\results\Actions\Results\Ad-Hoc Actions Module.png</msg>
<status status="PASS" starttime="20210604 15:08:53.425" endtime="20210604 15:08:54.035"></status>
</kw>
<status status="PASS" starttime="20210604 15:08:48.607" endtime="20210604 15:08:54.035"></status>
</kw>
<kw name="Ad-Hoc Actions Add Button" library="FR1_CaptureActions_Keywords">
<kw name="Log To Console" library="BuiltIn">
<doc>Logs the given message to the console.</doc>
<arguments>
<arg>Click on Ad-Hoc Actions Search Button</arg>
</arguments>
<status status="PASS" starttime="20210604 15:08:54.304" endtime="20210604 15:08:54.338"></status>
</kw>
<kw name="Sleep" library="BuiltIn">
<doc>Pauses the test executed for the given time.</doc>
<arguments>
<arg>1</arg>
</arguments>
<msg timestamp="20210604 15:08:55.350" level="INFO">Slept 1 second</msg>
<status status="PASS" starttime="20210604 15:08:54.341" endtime="20210604 15:08:55.351"></status>
</kw>
<kw name="Wait Until Element Is Visible" library="SeleniumLibrary">
<doc>Waits until the element ``locator`` is visible.</doc>
<arguments>
<arg>${AdHocActionsSearchButton}</arg>
<arg>40 seconds</arg>
</arguments>
<status status="PASS" starttime="20210604 15:08:55.353" endtime="20210604 15:08:55.447"></status>
</kw>
<kw name="Click Element" library="SeleniumLibrary">
<doc>Click the element identified by ``locator``.</doc>
<arguments>
<arg>${AdHocActionsSearchButton}</arg>
</arguments>
<msg timestamp="20210604 15:08:55.449" level="INFO">Clicking element 'xpath://div[@id='btnActApplyFilter']/div[text()='Search']'.</msg>
<status status="PASS" starttime="20210604 15:08:55.447" endtime="20210604 15:08:55.683"></status>
</kw>
<kw name="Sleep" library="BuiltIn">
<doc>Pauses the test executed for the given time.</doc>
<arguments>
<arg>2</arg>
</arguments>
<msg timestamp="20210604 15:08:57.690" level="INFO">Slept 2 seconds</msg>
<status status="PASS" starttime="20210604 15:08:55.684" endtime="20210604 15:08:57.693"></status>
</kw>
<kw name="Wait Until Element Is Enabled" library="SeleniumLibrary">
<doc>Waits until the element ``locator`` is enabled.</doc>
<arguments>
<arg>${AdHocActionsRecords}</arg>
<arg>40 seconds</arg>
</arguments>
<status status="PASS" starttime="20210604 15:08:57.695" endtime="20210604 15:08:58.269"></status>
</kw>
<kw name="Capture Page Screenshot" library="SeleniumLibrary">
<doc>Takes a screenshot of the current page and embeds it into a log file.</doc>
<arguments>
<arg>${OUTPUTDIR}/Results/Ad-Hoc Actions Records Visible.png</arg>
</arguments>
<assign>
<var>${file1}</var>
</assign>
<msg timestamp="20210604 15:08:58.432" level="INFO" html="yes">&lt;/td&gt;&lt;/tr&gt;&lt;tr&gt;&lt;td colspan="3"&gt;&lt;a href="Results/Ad-Hoc%20Actions%20Records%20Visible.png"&gt;&lt;img src="Results/Ad-Hoc%20Actions%20Records%20Visible.png" width="800px"&gt;&lt;/a&gt;</msg>
<msg timestamp="20210604 15:08:58.434" level="INFO">${file1} = C:\Users\Delwin.Horsthemke\PycharmProjects\Robot_ST_Templates\results\Actions\Results\Ad-Hoc Actions Records Visible.png</msg>
<status status="PASS" starttime="20210604 15:08:58.270" endtime="20210604 15:08:58.434"></status>
</kw>
<kw name="Log To Console" library="BuiltIn">
<doc>Logs the given message to the console.</doc>
<arguments>
<arg>Click on Ad-Hoc Actions Add Button</arg>
</arguments>
<status status="PASS" starttime="20210604 15:08:58.434" endtime="20210604 15:08:58.435"></status>
</kw>
<kw name="Click Element" library="SeleniumLibrary">
<doc>Click the element identified by ``locator``.</doc>
<arguments>
<arg>${AdHocActionsAddBtn}</arg>
</arguments>
<msg timestamp="20210604 15:08:58.436" level="INFO">Clicking element 'xpath://div[@id='btnActAddNew']'.</msg>
<status status="PASS" starttime="20210604 15:08:58.436" endtime="20210604 15:08:58.698"></status>
</kw>
<kw name="Wait Until Element Is Visible" library="SeleniumLibrary">
<doc>Waits until the element ``locator`` is visible.</doc>
<arguments>
<arg>${AdHocActionsRecordHeader}</arg>
<arg>40 seconds</arg>
</arguments>
<status status="PASS" starttime="20210604 15:08:58.698" endtime="20210604 15:09:00.005"></status>
</kw>
<kw name="Wait Until Element Is Visible" library="SeleniumLibrary">
<doc>Waits until the element ``locator`` is visible.</doc>
<arguments>
<arg>${AdHocActionsSaveContinue}</arg>
<arg>10 seconds</arg>
</arguments>
<status status="PASS" starttime="20210604 15:09:00.005" endtime="20210604 15:09:00.235"></status>
</kw>
<kw name="Capture Page Screenshot" library="SeleniumLibrary">
<doc>Takes a screenshot of the current page and embeds it into a log file.</doc>
<arguments>
<arg>${OUTPUTDIR}/Results/New Ad-Hoc Actions Record Opened.png</arg>
</arguments>
<assign>
<var>${file1}</var>
</assign>
<msg timestamp="20210604 15:09:00.501" level="INFO" html="yes">&lt;/td&gt;&lt;/tr&gt;&lt;tr&gt;&lt;td colspan="3"&gt;&lt;a href="Results/New%20Ad-Hoc%20Actions%20Record%20Opened.png"&gt;&lt;img src="Results/New%20Ad-Hoc%20Actions%20Record%20Opened.png" width="800px"&gt;&lt;/a&gt;</msg>
<msg timestamp="20210604 15:09:00.501" level="INFO">${file1} = C:\Users\Delwin.Horsthemke\PycharmProjects\Robot_ST_Templates\results\Actions\Results\New Ad-Hoc Actions Record Opened.png</msg>
<status status="PASS" starttime="20210604 15:09:00.236" endtime="20210604 15:09:00.502"></status>
</kw>
<status status="PASS" starttime="20210604 15:08:54.294" endtime="20210604 15:09:00.503"></status>
</kw>
<kw name="Capture Ad-Hoc Actions" library="FR1_CaptureActions_Keywords">
<kw name="Log To Console" library="BuiltIn">
<doc>Logs the given message to the console.</doc>
<arguments>
<arg>Process Flow</arg>
</arguments>
<status status="PASS" starttime="20210604 15:09:00.505" endtime="20210604 15:09:00.507"></status>
</kw>
<kw name="Sleep" library="BuiltIn">
<doc>Pauses the test executed for the given time.</doc>
<arguments>
<arg>1</arg>
</arguments>
<msg timestamp="20210604 15:09:01.519" level="INFO">Slept 1 second</msg>
<status status="PASS" starttime="20210604 15:09:00.508" endtime="20210604 15:09:01.519"></status>
</kw>
<kw name="Wait Until Element Is Visible" library="SeleniumLibrary">
<doc>Waits until the element ``locator`` is visible.</doc>
<arguments>
<arg>${AdHocActionsPF}</arg>
<arg>40 seconds</arg>
</arguments>
<status status="PASS" starttime="20210604 15:09:01.519" endtime="20210604 15:09:01.564"></status>
</kw>
<kw name="Click Element" library="SeleniumLibrary">
<doc>Click the element identified by ``locator``.</doc>
<arguments>
<arg>${AdHocActionsPF}</arg>
</arguments>
<msg timestamp="20210604 15:09:01.565" level="INFO">Clicking element 'xpath://div[@id='btnProcessFlow_form_94F07C26-6A5F-40E3-959B-BF1732306DFF']'.</msg>
<status status="PASS" starttime="20210604 15:09:01.564" endtime="20210604 15:09:01.738"></status>
</kw>
<kw name="Sleep" library="BuiltIn">
<doc>Pauses the test executed for the given time.</doc>
<arguments>
<arg>1</arg>
</arguments>
<msg timestamp="20210604 15:09:02.744" level="INFO">Slept 1 second</msg>
<status status="PASS" starttime="20210604 15:09:01.740" endtime="20210604 15:09:02.745"></status>
</kw>
<kw name="Wait Until Element Is Visible" library="SeleniumLibrary">
<doc>Waits until the element ``locator`` is visible.</doc>
<arguments>
<arg>${AdHocActionsPFAddPhase}</arg>
<arg>40 seconds</arg>
</arguments>
<status status="PASS" starttime="20210604 15:09:02.745" endtime="20210604 15:09:02.783"></status>
</kw>
<kw name="Capture Page Screenshot" library="SeleniumLibrary">
<doc>Takes a screenshot of the current page and embeds it into a log file.</doc>
<arguments>
<arg>${OUTPUTDIR}/Results/Ad-Hoc Actions Record Add Phase.png</arg>
</arguments>
<assign>
<var>${file1}</var>
</assign>
<msg timestamp="20210604 15:09:02.944" level="INFO" html="yes">&lt;/td&gt;&lt;/tr&gt;&lt;tr&gt;&lt;td colspan="3"&gt;&lt;a href="Results/Ad-Hoc%20Actions%20Record%20Add%20Phase.png"&gt;&lt;img src="Results/Ad-Hoc%20Actions%20Record%20Add%20Phase.png" width="800px"&gt;&lt;/a&gt;</msg>
<msg timestamp="20210604 15:09:02.944" level="INFO">${file1} = C:\Users\Delwin.Horsthemke\PycharmProjects\Robot_ST_Templates\results\Actions\Results\Ad-Hoc Actions Record Add Phase.png</msg>
<status status="PASS" starttime="20210604 15:09:02.783" endtime="20210604 15:09:02.944"></status>
</kw>
<kw name="Log To Console" library="BuiltIn">
<doc>Logs the given message to the console.</doc>
<arguments>
<arg>Business Unit</arg>
</arguments>
<status status="PASS" starttime="20210604 15:09:02.945" endtime="20210604 15:09:02.945"></status>
</kw>
<kw name="Click Element" library="SeleniumLibrary">
<doc>Click the element identified by ``locator``.</doc>
<arguments>
<arg>${AdHocActionsBUDD}</arg>
</arguments>
<msg timestamp="20210604 15:09:02.946" level="INFO">Clicking element 'xpath://div[@id='control_032851E6-3D2C-4FAC-8D41-FE7AEC9CB297']'.</msg>
<status status="PASS" starttime="20210604 15:09:02.946" endtime="20210604 15:09:03.321"></status>
</kw>
<kw name="Wait Until Element Is Visible" library="SeleniumLibrary">
<doc>Waits until the element ``locator`` is visible.</doc>
<arguments>
<arg>${AdHocActionsBUGlobalCompanyExpand}</arg>
<arg>40 seconds</arg>
</arguments>
<status status="PASS" starttime="20210604 15:09:03.321" endtime="20210604 15:09:03.521"></status>
</kw>
<kw name="Click Element" library="SeleniumLibrary">
<doc>Click the element identified by ``locator``.</doc>
<arguments>
<arg>${AdHocActionsBUGlobalCompanyExpand}</arg>
</arguments>
<msg timestamp="20210604 15:09:03.521" level="INFO">Clicking element 'xpath://a[text()='Global Company']/../i'.</msg>
<status status="PASS" starttime="20210604 15:09:03.521" endtime="20210604 15:09:03.685"></status>
</kw>
<kw name="Sleep" library="BuiltIn">
<doc>Pauses the test executed for the given time.</doc>
<arguments>
<arg>0.5</arg>
</arguments>
<msg timestamp="20210604 15:09:04.201" level="INFO">Slept 500 milliseconds</msg>
<status status="PASS" starttime="20210604 15:09:03.685" endtime="20210604 15:09:04.201"></status>
</kw>
<kw name="Wait Until Element Is Visible" library="SeleniumLibrary">
<doc>Waits until the element ``locator`` is visible.</doc>
<arguments>
<arg>${AdHocActionsBUSouthAfricaExpand}</arg>
<arg>40 seconds</arg>
</arguments>
<status status="PASS" starttime="20210604 15:09:04.201" endtime="20210604 15:09:04.248"></status>
</kw>
<kw name="Click Element" library="SeleniumLibrary">
<doc>Click the element identified by ``locator``.</doc>
<arguments>
<arg>${AdHocActionsBUSouthAfricaExpand}</arg>
</arguments>
<msg timestamp="20210604 15:09:04.249" level="INFO">Clicking element 'xpath://a[text()='South Africa']/../i'.</msg>
<status status="PASS" starttime="20210604 15:09:04.249" endtime="20210604 15:09:04.347"></status>
</kw>
<kw name="Sleep" library="BuiltIn">
<doc>Pauses the test executed for the given time.</doc>
<arguments>
<arg>0.5</arg>
</arguments>
<msg timestamp="20210604 15:09:04.848" level="INFO">Slept 500 milliseconds</msg>
<status status="PASS" starttime="20210604 15:09:04.347" endtime="20210604 15:09:04.848"></status>
</kw>
<kw name="Wait Until Element Is Visible" library="SeleniumLibrary">
<doc>Waits until the element ``locator`` is visible.</doc>
<arguments>
<arg>${AdHocActionsBUVictorySite}</arg>
<arg>40 seconds</arg>
</arguments>
<status status="PASS" starttime="20210604 15:09:04.849" endtime="20210604 15:09:04.884"></status>
</kw>
<kw name="Click Element" library="SeleniumLibrary">
<doc>Click the element identified by ``locator``.</doc>
<arguments>
<arg>${AdHocActionsBUVictorySite}</arg>
</arguments>
<msg timestamp="20210604 15:09:04.885" level="INFO">Clicking element 'xpath://a[text()='Victory Site']'.</msg>
<status status="PASS" starttime="20210604 15:09:04.884" endtime="20210604 15:09:05.052"></status>
</kw>
<kw name="Log To Console" library="BuiltIn">
<doc>Logs the given message to the console.</doc>
<arguments>
<arg>Impact Type</arg>
</arguments>
<status status="PASS" starttime="20210604 15:09:05.052" endtime="20210604 15:09:05.054"></status>
</kw>
<kw name="Click Element" library="SeleniumLibrary">
<doc>Click the element identified by ``locator``.</doc>
<arguments>
<arg>${AdHocActionsImpactTypeDD}</arg>
</arguments>
<msg timestamp="20210604 15:09:05.060" level="INFO">Clicking element 'xpath://div[@id='control_EC903E66-92F0-4B86-9871-136D500FE56F']'.</msg>
<status status="PASS" starttime="20210604 15:09:05.056" endtime="20210604 15:09:05.404"></status>
</kw>
<kw name="Wait Until Element Is Visible" library="SeleniumLibrary">
<doc>Waits until the element ``locator`` is visible.</doc>
<arguments>
<arg>${AdHocActionsImpactTypeBusRisk}</arg>
<arg>40 seconds</arg>
</arguments>
<status status="PASS" starttime="20210604 15:09:05.404" endtime="20210604 15:09:05.687"></status>
</kw>
<kw name="Click Element" library="SeleniumLibrary">
<doc>Click the element identified by ``locator``.</doc>
<arguments>
<arg>${AdHocActionsImpactTypeSelectAll}</arg>
</arguments>
<msg timestamp="20210604 15:09:05.688" level="INFO">Clicking element 'xpath:(//div[@id='control_EC903E66-92F0-4B86-9871-136D500FE56F']//b)[2]'.</msg>
<status status="PASS" starttime="20210604 15:09:05.688" endtime="20210604 15:09:05.854"></status>
</kw>
<kw name="Log To Console" library="BuiltIn">
<doc>Logs the given message to the console.</doc>
<arguments>
<arg>Description</arg>
</arguments>
<status status="PASS" starttime="20210604 15:09:05.855" endtime="20210604 15:09:05.862"></status>
</kw>
<kw name="Get Current Date" library="DateTime">
<doc>Returns current local or UTC time with an optional increment.</doc>
<arguments>
<arg>result_format=%Y-%m-%d %H-%M-%S</arg>
</arguments>
<assign>
<var>${CurrentDate}</var>
</assign>
<msg timestamp="20210604 15:09:05.865" level="INFO">${CurrentDate} = 2021-06-04 15-09-05</msg>
<status status="PASS" starttime="20210604 15:09:05.863" endtime="20210604 15:09:05.865"></status>
</kw>
<kw name="Set Global Variable" library="BuiltIn">
<doc>Makes a variable available globally in all tests and suites.</doc>
<arguments>
<arg>${CurrentDate}</arg>
</arguments>
<msg timestamp="20210604 15:09:05.867" level="INFO">${CurrentDate} = 2021-06-04 15-09-05</msg>
<status status="PASS" starttime="20210604 15:09:05.866" endtime="20210604 15:09:05.867"></status>
</kw>
<kw name="Input Text" library="SeleniumLibrary">
<doc>Types the given ``text`` into the text field identified by ``locator``.</doc>
<arguments>
<arg>${AdHocActionsDescription}</arg>
<arg>FR1_Capture Ad-Hoc Actions_MS ${CurrentDate}</arg>
</arguments>
<msg timestamp="20210604 15:09:05.868" level="INFO">Typing text 'FR1_Capture Ad-Hoc Actions_MS 2021-06-04 15-09-05' into text field 'xpath://div[@id='control_5FBC4126-ED36-41A8-A92D-255E839A2FCA']//textarea[@language='A50A7F35-56F8-451E-82D9-946BD9ADEDB4']'.</msg>
<status status="PASS" starttime="20210604 15:09:05.867" endtime="20210604 15:09:06.432"></status>
</kw>
<kw name="Log To Console" library="BuiltIn">
<doc>Logs the given message to the console.</doc>
<arguments>
<arg>Save and Continue</arg>
</arguments>
<status status="PASS" starttime="20210604 15:09:06.433" endtime="20210604 15:09:06.434"></status>
</kw>
<kw name="Click Element" library="SeleniumLibrary">
<doc>Click the element identified by ``locator``.</doc>
<arguments>
<arg>${AdHocActionsSaveContinue}</arg>
</arguments>
<msg timestamp="20210604 15:09:06.436" level="INFO">Clicking element 'xpath://div[@id='control_7AD7DA6A-8525-43B0-B87E-02D486AB9AEF']//div[text()='Save and continue']'.</msg>
<status status="PASS" starttime="20210604 15:09:06.434" endtime="20210604 15:09:06.560"></status>
</kw>
<kw name="Wait Until Element Is Visible" library="SeleniumLibrary">
<doc>Waits until the element ``locator`` is visible.</doc>
<arguments>
<arg>${RecordSaved}</arg>
<arg>40 seconds</arg>
</arguments>
<status status="PASS" starttime="20210604 15:09:06.561" endtime="20210604 15:09:15.400"></status>
</kw>
<kw name="Element Should Be Visible" library="SeleniumLibrary">
<doc>Verifies that the element identified by ``locator`` is visible.</doc>
<arguments>
<arg>${AdHocActionsPFEditPhase}</arg>
</arguments>
<msg timestamp="20210604 15:09:15.541" level="INFO">Element 'xpath:(//div[@id='divProcess_94F07C26-6A5F-40E3-959B-BF1732306DFF'])[2]/div/div[2]/div/div[@class='step active']//div[text()='Edit phase']' is displayed.</msg>
<status status="PASS" starttime="20210604 15:09:15.400" endtime="20210604 15:09:15.542"></status>
</kw>
<kw name="Element Should Be Visible" library="SeleniumLibrary">
<doc>Verifies that the element identified by ``locator`` is visible.</doc>
<arguments>
<arg>${AdHocActionsRecordNo}</arg>
</arguments>
<msg timestamp="20210604 15:09:15.616" level="INFO">Element 'xpath:(//div[@id='form_94F07C26-6A5F-40E3-959B-BF1732306DFF']//div[contains(text(),'- Record #')])[1]' is displayed.</msg>
<status status="PASS" starttime="20210604 15:09:15.544" endtime="20210604 15:09:15.616"></status>
</kw>
<kw name="Element Should Be Visible" library="SeleniumLibrary">
<doc>Verifies that the element identified by ``locator`` is visible.</doc>
<arguments>
<arg>${ActionsSubModule}</arg>
</arguments>
<msg timestamp="20210604 15:09:15.654" level="INFO">Element 'xpath://div[@id='control_B22AF189-69A7-434C-852F-117C8F1CBD14']/div/div/div[text()='Ad-Hoc Actions']' is displayed.</msg>
<status status="PASS" starttime="20210604 15:09:15.616" endtime="20210604 15:09:15.655"></status>
</kw>
<kw name="Capture Page Screenshot" library="SeleniumLibrary">
<doc>Takes a screenshot of the current page and embeds it into a log file.</doc>
<arguments>
<arg>${OUTPUTDIR}/Results/Ad-Hoc Actions Record Added - Edit Phase.png</arg>
</arguments>
<assign>
<var>${file1}</var>
</assign>
<msg timestamp="20210604 15:09:15.819" level="INFO" html="yes">&lt;/td&gt;&lt;/tr&gt;&lt;tr&gt;&lt;td colspan="3"&gt;&lt;a href="Results/Ad-Hoc%20Actions%20Record%20Added%20-%20Edit%20Phase.png"&gt;&lt;img src="Results/Ad-Hoc%20Actions%20Record%20Added%20-%20Edit%20Phase.png" width="800px"&gt;&lt;/a&gt;</msg>
<msg timestamp="20210604 15:09:15.819" level="INFO">${file1} = C:\Users\Delwin.Horsthemke\PycharmProjects\Robot_ST_Templates\results\Actions\Results\Ad-Hoc Actions Record Added - Edit Phase.png</msg>
<status status="PASS" starttime="20210604 15:09:15.656" endtime="20210604 15:09:15.819"></status>
</kw>
<status status="PASS" starttime="20210604 15:09:00.504" endtime="20210604 15:09:15.819"></status>
</kw>
<kw name="Capture Actions_MS_Initiated" library="FR1_CaptureActions_Keywords">
<kw name="Log To Console" library="BuiltIn">
<doc>Logs the given message to the console.</doc>
<arguments>
<arg>Click on Actions Add Button</arg>
</arguments>
<status status="PASS" starttime="20210604 15:09:15.821" endtime="20210604 15:09:15.822"></status>
</kw>
<kw name="Click Element" library="SeleniumLibrary">
<doc>Click the element identified by ``locator``.</doc>
<arguments>
<arg>${ActionsAddBtn}</arg>
</arguments>
<msg timestamp="20210604 15:09:15.822" level="INFO">Clicking element 'xpath://div[@id='control_B22AF189-69A7-434C-852F-117C8F1CBD14']//div[@id='btnAddNew']'.</msg>
<status status="PASS" starttime="20210604 15:09:15.822" endtime="20210604 15:09:16.061"></status>
</kw>
<kw name="Wait Until Element Is Visible" library="SeleniumLibrary">
<doc>Waits until the element ``locator`` is visible.</doc>
<arguments>
<arg>${AdHocActionsRecordHeader}</arg>
<arg>40 seconds</arg>
</arguments>
<status status="PASS" starttime="20210604 15:09:16.061" endtime="20210604 15:09:16.172"></status>
</kw>
<kw name="Element Should Be Visible" library="SeleniumLibrary">
<doc>Verifies that the element identified by ``locator`` is visible.</doc>
<arguments>
<arg>${ActionsCreateActionBtn}</arg>
</arguments>
<msg timestamp="20210604 15:09:19.546" level="INFO">Element 'xpath://div[@id='control_BB4A2316-DCD6-439F-9510-BA9460B115B4']/div/div[text()='Create action']' is displayed.</msg>
<status status="PASS" starttime="20210604 15:09:16.173" endtime="20210604 15:09:19.546"></status>
</kw>
<kw name="Element Should Be Visible" library="SeleniumLibrary">
<doc>Verifies that the element identified by ``locator`` is visible.</doc>
<arguments>
<arg>${ActionDetailTab}</arg>
</arguments>
<msg timestamp="20210604 15:09:19.654" level="INFO">Element 'xpath://li[@id='tab_3C419243-7BEA-4DFE-BC44-088F3555618A']/div[text()='Action Detail']' is displayed.</msg>
<status status="PASS" starttime="20210604 15:09:19.546" endtime="20210604 15:09:19.654"></status>
</kw>
<kw name="Element Should Be Visible" library="SeleniumLibrary">
<doc>Verifies that the element identified by ``locator`` is visible.</doc>
<arguments>
<arg>${ActionsSupportDocsTab}</arg>
</arguments>
<msg timestamp="20210604 15:09:19.703" level="INFO">Element 'xpath://li[@id='tab_C298F1A9-5ACB-4936-9F4B-2F21E3CDC3FE']/div[text()='Supporting Documents']' is displayed.</msg>
<status status="PASS" starttime="20210604 15:09:19.655" endtime="20210604 15:09:19.703"></status>
</kw>
<kw name="Click Element" library="SeleniumLibrary">
<doc>Click the element identified by ``locator``.</doc>
<arguments>
<arg>${ActionsPF}</arg>
</arguments>
<msg timestamp="20210604 15:09:19.704" level="INFO">Clicking element 'xpath://div[@id='btnProcessFlow_form_5C4FFFC4-66A2-4DAA-9B1F-168A37737EF2']'.</msg>
<status status="PASS" starttime="20210604 15:09:19.703" endtime="20210604 15:09:19.883"></status>
</kw>
<kw name="Wait Until Element Is Visible" library="SeleniumLibrary">
<doc>Waits until the element ``locator`` is visible.</doc>
<arguments>
<arg>${ActionsPFAddAction}</arg>
<arg>40 seconds</arg>
</arguments>
<status status="PASS" starttime="20210604 15:09:19.883" endtime="20210604 15:09:19.952"></status>
</kw>
<kw name="Capture Page Screenshot" library="SeleniumLibrary">
<doc>Takes a screenshot of the current page and embeds it into a log file.</doc>
<arguments>
<arg>${OUTPUTDIR}/Results/New Actions Record Opened - Add Action phase.png</arg>
</arguments>
<assign>
<var>${file1}</var>
</assign>
<msg timestamp="20210604 15:09:20.185" level="INFO" html="yes">&lt;/td&gt;&lt;/tr&gt;&lt;tr&gt;&lt;td colspan="3"&gt;&lt;a href="Results/New%20Actions%20Record%20Opened%20-%20Add%20Action%20phase.png"&gt;&lt;img src="Results/New%20Actions%20Record%20Opened%20-%20Add%20Action%20phase.png" width="800px"&gt;&lt;/a&gt;</msg>
<msg timestamp="20210604 15:09:20.185" level="INFO">${file1} = C:\Users\Delwin.Horsthemke\PycharmProjects\Robot_ST_Templates\results\Actions\Results\New Actions Record Opened - Add Action phase.png</msg>
<status status="PASS" starttime="20210604 15:09:19.952" endtime="20210604 15:09:20.185"></status>
</kw>
<kw name="Log To Console" library="BuiltIn">
<doc>Logs the given message to the console.</doc>
<arguments>
<arg>Business unit</arg>
</arguments>
<status status="PASS" starttime="20210604 15:09:20.185" endtime="20210604 15:09:20.186"></status>
</kw>
<kw name="Click Element" library="SeleniumLibrary">
<doc>Click the element identified by ``locator``.</doc>
<arguments>
<arg>${ActionsBUDD}</arg>
</arguments>
<msg timestamp="20210604 15:09:20.186" level="INFO">Clicking element 'xpath://div[@id='control_34D02E21-7837-484C-844E-BCC8CC077837']'.</msg>
<status status="PASS" starttime="20210604 15:09:20.186" endtime="20210604 15:09:20.614"></status>
</kw>
<kw name="Wait Until Element Is Visible" library="SeleniumLibrary">
<doc>Waits until the element ``locator`` is visible.</doc>
<arguments>
<arg>${ActionsBUGlobalCompanyExpand}</arg>
<arg>40 seconds</arg>
</arguments>
<status status="PASS" starttime="20210604 15:09:20.615" endtime="20210604 15:09:20.950"></status>
</kw>
<kw name="Click Element" library="SeleniumLibrary">
<doc>Click the element identified by ``locator``.</doc>
<arguments>
<arg>${ActionsBUGlobalCompanyExpand}</arg>
</arguments>
<msg timestamp="20210604 15:09:20.951" level="INFO">Clicking element 'xpath:(//a[text()='Global Company']/../i)[2]'.</msg>
<status status="PASS" starttime="20210604 15:09:20.950" endtime="20210604 15:09:21.147"></status>
</kw>
<kw name="Wait Until Element Is Visible" library="SeleniumLibrary">
<doc>Waits until the element ``locator`` is visible.</doc>
<arguments>
<arg>${ActionsBUSouthAfricaExpand}</arg>
<arg>40 seconds</arg>
</arguments>
<status status="PASS" starttime="20210604 15:09:21.148" endtime="20210604 15:09:21.305"></status>
</kw>
<kw name="Click Element" library="SeleniumLibrary">
<doc>Click the element identified by ``locator``.</doc>
<arguments>
<arg>${ActionsBUSouthAfricaExpand}</arg>
</arguments>
<msg timestamp="20210604 15:09:21.306" level="INFO">Clicking element 'xpath:(//a[text()='South Africa']/../i)[2]'.</msg>
<status status="PASS" starttime="20210604 15:09:21.305" endtime="20210604 15:09:21.501"></status>
</kw>
<kw name="Wait Until Element Is Visible" library="SeleniumLibrary">
<doc>Waits until the element ``locator`` is visible.</doc>
<arguments>
<arg>${ActionsBUVictorySite}</arg>
<arg>40 seconds</arg>
</arguments>
<status status="PASS" starttime="20210604 15:09:21.501" endtime="20210604 15:09:21.636"></status>
</kw>
<kw name="Click Element" library="SeleniumLibrary">
<doc>Click the element identified by ``locator``.</doc>
<arguments>
<arg>${ActionsBUVictorySite}</arg>
</arguments>
<msg timestamp="20210604 15:09:21.637" level="INFO">Clicking element 'xpath:(//a[text()='Victory Site'])[2]'.</msg>
<status status="PASS" starttime="20210604 15:09:21.637" endtime="20210604 15:09:21.915"></status>
</kw>
<kw name="Log To Console" library="BuiltIn">
<doc>Logs the given message to the console.</doc>
<arguments>
<arg>Action assignee</arg>
</arguments>
<status status="PASS" starttime="20210604 15:09:21.916" endtime="20210604 15:09:21.917"></status>
</kw>
<kw name="Click Element" library="SeleniumLibrary">
<doc>Click the element identified by ``locator``.</doc>
<arguments>
<arg>${ActionsAssigneeDD}</arg>
</arguments>
<msg timestamp="20210604 15:09:21.918" level="INFO">Clicking element 'xpath://div[@id='control_7854D003-23E6-4A2E-AF2E-357C965FA684']//li'.</msg>
<status status="PASS" starttime="20210604 15:09:21.917" endtime="20210604 15:09:22.419"></status>
</kw>
<kw name="Wait Until Element Is Visible" library="SeleniumLibrary">
<doc>Waits until the element ``locator`` is visible.</doc>
<arguments>
<arg>${Actions2Manager}</arg>
<arg>40 seconds</arg>
</arguments>
<status status="PASS" starttime="20210604 15:09:22.420" endtime="20210604 15:09:22.712"></status>
</kw>
<kw name="Click Element" library="SeleniumLibrary">
<doc>Click the element identified by ``locator``.</doc>
<arguments>
<arg>${Actions2Manager}</arg>
</arguments>
<msg timestamp="20210604 15:09:22.713" level="INFO">Clicking element 'xpath://ul[@class='jstree-container-ul jstree-children']//a[contains(text(),'2 Manager')]'.</msg>
<status status="PASS" starttime="20210604 15:09:22.713" endtime="20210604 15:09:22.937"></status>
</kw>
<kw name="Log To Console" library="BuiltIn">
<doc>Logs the given message to the console.</doc>
<arguments>
<arg>Action owner</arg>
</arguments>
<status status="PASS" starttime="20210604 15:09:22.938" endtime="20210604 15:09:22.940"></status>
</kw>
<kw name="Element Should Be Visible" library="SeleniumLibrary">
<doc>Verifies that the element identified by ``locator`` is visible.</doc>
<arguments>
<arg>${ActionsOwner2Manager}</arg>
</arguments>
<msg timestamp="20210604 15:09:23.138" level="INFO">Element 'xpath://div[@id='control_D7236880-F18D-4E96-A79C-B462B355EF18']/div/a/span/ul/li[@title='2 Manager']' is displayed.</msg>
<status status="PASS" starttime="20210604 15:09:22.940" endtime="20210604 15:09:23.138"></status>
</kw>
<kw name="Capture Page Screenshot" library="SeleniumLibrary">
<doc>Takes a screenshot of the current page and embeds it into a log file.</doc>
<arguments>
<arg>${OUTPUTDIR}/Results/Actions Record - Owner 2 Manager.png</arg>
</arguments>
<assign>
<var>${file1}</var>
</assign>
<msg timestamp="20210604 15:09:23.398" level="INFO" html="yes">&lt;/td&gt;&lt;/tr&gt;&lt;tr&gt;&lt;td colspan="3"&gt;&lt;a href="Results/Actions%20Record%20-%20Owner%202%20Manager.png"&gt;&lt;img src="Results/Actions%20Record%20-%20Owner%202%20Manager.png" width="800px"&gt;&lt;/a&gt;</msg>
<msg timestamp="20210604 15:09:23.398" level="INFO">${file1} = C:\Users\Delwin.Horsthemke\PycharmProjects\Robot_ST_Templates\results\Actions\Results\Actions Record - Owner 2 Manager.png</msg>
<status status="PASS" starttime="20210604 15:09:23.139" endtime="20210604 15:09:23.398"></status>
</kw>
<kw name="Log To Console" library="BuiltIn">
<doc>Logs the given message to the console.</doc>
<arguments>
<arg>Action description</arg>
</arguments>
<status status="PASS" starttime="20210604 15:09:23.399" endtime="20210604 15:09:23.399"></status>
</kw>
<kw name="Get Current Date" library="DateTime">
<doc>Returns current local or UTC time with an optional increment.</doc>
<arguments>
<arg>result_format=%Y-%m-%d %H-%M-%S</arg>
</arguments>
<assign>
<var>${CurrentDate}</var>
</assign>
<msg timestamp="20210604 15:09:23.400" level="INFO">${CurrentDate} = 2021-06-04 15-09-23</msg>
<status status="PASS" starttime="20210604 15:09:23.399" endtime="20210604 15:09:23.400"></status>
</kw>
<kw name="Set Global Variable" library="BuiltIn">
<doc>Makes a variable available globally in all tests and suites.</doc>
<arguments>
<arg>${CurrentDate}</arg>
</arguments>
<msg timestamp="20210604 15:09:23.401" level="INFO">${CurrentDate} = 2021-06-04 15-09-23</msg>
<status status="PASS" starttime="20210604 15:09:23.400" endtime="20210604 15:09:23.401"></status>
</kw>
<kw name="Input Text" library="SeleniumLibrary">
<doc>Types the given ``text`` into the text field identified by ``locator``.</doc>
<arguments>
<arg>${ActionsDescription}</arg>
<arg>FR1_Capture Actions_MS_Initiated ${CurrentDate}</arg>
</arguments>
<msg timestamp="20210604 15:09:23.402" level="INFO">Typing text 'FR1_Capture Actions_MS_Initiated 2021-06-04 15-09-23' into text field 'xpath://div[@id='control_1255F613-A69C-476A-8B05-4B87E5CA009F']//textarea[@language='A50A7F35-56F8-451E-82D9-946BD9ADEDB4']'.</msg>
<status status="PASS" starttime="20210604 15:09:23.401" endtime="20210604 15:09:23.800"></status>
</kw>
<kw name="Log To Console" library="BuiltIn">
<doc>Logs the given message to the console.</doc>
<arguments>
<arg>Action category</arg>
</arguments>
<status status="PASS" starttime="20210604 15:09:23.801" endtime="20210604 15:09:23.802"></status>
</kw>
<kw name="Click Element" library="SeleniumLibrary">
<doc>Click the element identified by ``locator``.</doc>
<arguments>
<arg>${ActionsCategoryDD}</arg>
</arguments>
<msg timestamp="20210604 15:09:23.804" level="INFO">Clicking element 'xpath://div[@id='control_A44DB1AB-6DF0-4358-8618-018220C3ED8D']//li'.</msg>
<status status="PASS" starttime="20210604 15:09:23.803" endtime="20210604 15:09:24.154"></status>
</kw>
<kw name="Wait Until Element Is Visible" library="SeleniumLibrary">
<doc>Waits until the element ``locator`` is visible.</doc>
<arguments>
<arg>${ActionsCategoryHealthSafety}</arg>
<arg>40 seconds</arg>
</arguments>
<status status="PASS" starttime="20210604 15:09:24.154" endtime="20210604 15:09:24.457"></status>
</kw>
<kw name="Click Element" library="SeleniumLibrary">
<doc>Click the element identified by ``locator``.</doc>
<arguments>
<arg>${ActionsCategoryHealthSafety}</arg>
</arguments>
<msg timestamp="20210604 15:09:24.459" level="INFO">Clicking element 'xpath://ul[@class='jstree-container-ul jstree-children']//a[contains(text(),'Health and Safety')]'.</msg>
<status status="PASS" starttime="20210604 15:09:24.458" endtime="20210604 15:09:24.618"></status>
</kw>
<kw name="Log To Console" library="BuiltIn">
<doc>Logs the given message to the console.</doc>
<arguments>
<arg>Action priority</arg>
</arguments>
<status status="PASS" starttime="20210604 15:09:24.618" endtime="20210604 15:09:24.620"></status>
</kw>
<kw name="Click Element" library="SeleniumLibrary">
<doc>Click the element identified by ``locator``.</doc>
<arguments>
<arg>${ActionsPriorityDD}</arg>
</arguments>
<msg timestamp="20210604 15:09:24.621" level="INFO">Clicking element 'xpath://div[@id='control_F0465175-61B4-4A65-8A5D-8CF1C7446224']//li'.</msg>
<status status="PASS" starttime="20210604 15:09:24.621" endtime="20210604 15:09:25.121"></status>
</kw>
<kw name="Sleep" library="BuiltIn">
<doc>Pauses the test executed for the given time.</doc>
<arguments>
<arg>0.5</arg>
</arguments>
<msg timestamp="20210604 15:09:25.635" level="INFO">Slept 500 milliseconds</msg>
<status status="PASS" starttime="20210604 15:09:25.121" endtime="20210604 15:09:25.635"></status>
</kw>
<kw name="Wait Until Element Is Visible" library="SeleniumLibrary">
<doc>Waits until the element ``locator`` is visible.</doc>
<arguments>
<arg>${ActionsPriorityDDLow}</arg>
<arg>40 seconds</arg>
</arguments>
<status status="PASS" starttime="20210604 15:09:25.635" endtime="20210604 15:09:25.677"></status>
</kw>
<kw name="Click Element" library="SeleniumLibrary">
<doc>Click the element identified by ``locator``.</doc>
<arguments>
<arg>${ActionsPriorityDDLow}</arg>
</arguments>
<msg timestamp="20210604 15:09:25.679" level="INFO">Clicking element 'xpath://ul[@class='jstree-container-ul jstree-children']//a[contains(text(),'Low')]'.</msg>
<status status="PASS" starttime="20210604 15:09:25.678" endtime="20210604 15:09:25.836"></status>
</kw>
<kw name="Element Should Be Visible" library="SeleniumLibrary">
<doc>Verifies that the element identified by ``locator`` is visible.</doc>
<arguments>
<arg>${ActionsPriorityLowGreen}</arg>
</arguments>
<msg timestamp="20210604 15:09:25.975" level="INFO">Element 'xpath://div[@control_background_color='apple green']/div/a/span/ul/li[text()='Low']' is displayed.</msg>
<status status="PASS" starttime="20210604 15:09:25.837" endtime="20210604 15:09:25.975"></status>
</kw>
<kw name="Sleep" library="BuiltIn">
<doc>Pauses the test executed for the given time.</doc>
<arguments>
<arg>1</arg>
</arguments>
<msg timestamp="20210604 15:09:26.988" level="INFO">Slept 1 second</msg>
<status status="PASS" starttime="20210604 15:09:25.976" endtime="20210604 15:09:26.988"></status>
</kw>
<kw name="Click Element" library="SeleniumLibrary">
<doc>Click the element identified by ``locator``.</doc>
<arguments>
<arg>${ActionsPriorityDD}</arg>
</arguments>
<msg timestamp="20210604 15:09:26.990" level="INFO">Clicking element 'xpath://div[@id='control_F0465175-61B4-4A65-8A5D-8CF1C7446224']//li'.</msg>
<status status="PASS" starttime="20210604 15:09:26.989" endtime="20210604 15:09:27.154"></status>
</kw>
<kw name="Sleep" library="BuiltIn">
<doc>Pauses the test executed for the given time.</doc>
<arguments>
<arg>0.5</arg>
</arguments>
<msg timestamp="20210604 15:09:27.669" level="INFO">Slept 500 milliseconds</msg>
<status status="PASS" starttime="20210604 15:09:27.155" endtime="20210604 15:09:27.669"></status>
</kw>
<kw name="Wait Until Element Is Visible" library="SeleniumLibrary">
<doc>Waits until the element ``locator`` is visible.</doc>
<arguments>
<arg>${ActionsPriorityDDHigh}</arg>
<arg>40 seconds</arg>
</arguments>
<status status="PASS" starttime="20210604 15:09:27.669" endtime="20210604 15:09:27.714"></status>
</kw>
<kw name="Click Element" library="SeleniumLibrary">
<doc>Click the element identified by ``locator``.</doc>
<arguments>
<arg>${ActionsPriorityDDHigh}</arg>
</arguments>
<msg timestamp="20210604 15:09:27.715" level="INFO">Clicking element 'xpath://ul[@class='jstree-container-ul jstree-children']//a[contains(text(),'High')]'.</msg>
<status status="PASS" starttime="20210604 15:09:27.715" endtime="20210604 15:09:27.887"></status>
</kw>
<kw name="Element Should Be Visible" library="SeleniumLibrary">
<doc>Verifies that the element identified by ``locator`` is visible.</doc>
<arguments>
<arg>${ActionsPriorityHighRed}</arg>
</arguments>
<msg timestamp="20210604 15:09:28.002" level="INFO">Element 'xpath://div[@control_background_color='monza']/div/a/span/ul/li[text()='High']' is displayed.</msg>
<status status="PASS" starttime="20210604 15:09:27.887" endtime="20210604 15:09:28.004"></status>
</kw>
<kw name="Sleep" library="BuiltIn">
<doc>Pauses the test executed for the given time.</doc>
<arguments>
<arg>1</arg>
</arguments>
<msg timestamp="20210604 15:09:29.012" level="INFO">Slept 1 second</msg>
<status status="PASS" starttime="20210604 15:09:28.006" endtime="20210604 15:09:29.012"></status>
</kw>
<kw name="Click Element" library="SeleniumLibrary">
<doc>Click the element identified by ``locator``.</doc>
<arguments>
<arg>${ActionsPriorityDD}</arg>
</arguments>
<msg timestamp="20210604 15:09:29.014" level="INFO">Clicking element 'xpath://div[@id='control_F0465175-61B4-4A65-8A5D-8CF1C7446224']//li'.</msg>
<status status="PASS" starttime="20210604 15:09:29.013" endtime="20210604 15:09:29.149"></status>
</kw>
<kw name="Sleep" library="BuiltIn">
<doc>Pauses the test executed for the given time.</doc>
<arguments>
<arg>0.5</arg>
</arguments>
<msg timestamp="20210604 15:09:29.664" level="INFO">Slept 500 milliseconds</msg>
<status status="PASS" starttime="20210604 15:09:29.150" endtime="20210604 15:09:29.664"></status>
</kw>
<kw name="Wait Until Element Is Visible" library="SeleniumLibrary">
<doc>Waits until the element ``locator`` is visible.</doc>
<arguments>
<arg>${ActionsPriorityDDMedium}</arg>
<arg>40 seconds</arg>
</arguments>
<status status="PASS" starttime="20210604 15:09:29.664" endtime="20210604 15:09:29.702"></status>
</kw>
<kw name="Click Element" library="SeleniumLibrary">
<doc>Click the element identified by ``locator``.</doc>
<arguments>
<arg>${ActionsPriorityDDMedium}</arg>
</arguments>
<msg timestamp="20210604 15:09:29.702" level="INFO">Clicking element 'xpath://ul[@class='jstree-container-ul jstree-children']//a[contains(text(),'Medium')]'.</msg>
<status status="PASS" starttime="20210604 15:09:29.702" endtime="20210604 15:09:29.903"></status>
</kw>
<kw name="Element Should Be Visible" library="SeleniumLibrary">
<doc>Verifies that the element identified by ``locator`` is visible.</doc>
<arguments>
<arg>${ActionsPriorityMediumOrange}</arg>
</arguments>
<msg timestamp="20210604 15:09:30.084" level="INFO">Element 'xpath://div[@control_background_color='sunglow yellow']/div/a/span/ul/li[text()='Medium']' is displayed.</msg>
<status status="PASS" starttime="20210604 15:09:29.903" endtime="20210604 15:09:30.084"></status>
</kw>
<kw name="Capture Page Screenshot" library="SeleniumLibrary">
<doc>Takes a screenshot of the current page and embeds it into a log file.</doc>
<arguments>
<arg>${OUTPUTDIR}/Results/Actions Record - Priority Medium Orange.png</arg>
</arguments>
<assign>
<var>${file1}</var>
</assign>
<msg timestamp="20210604 15:09:30.291" level="INFO" html="yes">&lt;/td&gt;&lt;/tr&gt;&lt;tr&gt;&lt;td colspan="3"&gt;&lt;a href="Results/Actions%20Record%20-%20Priority%20Medium%20Orange.png"&gt;&lt;img src="Results/Actions%20Record%20-%20Priority%20Medium%20Orange.png" width="800px"&gt;&lt;/a&gt;</msg>
<msg timestamp="20210604 15:09:30.293" level="INFO">${file1} = C:\Users\Delwin.Horsthemke\PycharmProjects\Robot_ST_Templates\results\Actions\Results\Actions Record - Priority Medium Orange.png</msg>
<status status="PASS" starttime="20210604 15:09:30.084" endtime="20210604 15:09:30.294"></status>
</kw>
<kw name="Log To Console" library="BuiltIn">
<doc>Logs the given message to the console.</doc>
<arguments>
<arg>Cost</arg>
</arguments>
<status status="PASS" starttime="20210604 15:09:30.294" endtime="20210604 15:09:30.295"></status>
</kw>
<kw name="Click Element" library="SeleniumLibrary">
<doc>Click the element identified by ``locator``.</doc>
<arguments>
<arg>${ActionsCostDD}</arg>
</arguments>
<msg timestamp="20210604 15:09:30.296" level="INFO">Clicking element 'xpath://div[@id='control_ED20204C-476B-48B0-AD45-D930848007C9']//li'.</msg>
<status status="PASS" starttime="20210604 15:09:30.295" endtime="20210604 15:09:30.546"></status>
</kw>
<kw name="Wait Until Element Is Visible" library="SeleniumLibrary">
<doc>Waits until the element ``locator`` is visible.</doc>
<arguments>
<arg>${ActionsCostZAR}</arg>
<arg>40 seconds</arg>
</arguments>
<status status="PASS" starttime="20210604 15:09:30.547" endtime="20210604 15:09:31.073"></status>
</kw>
<kw name="Click Element" library="SeleniumLibrary">
<doc>Click the element identified by ``locator``.</doc>
<arguments>
<arg>${ActionsCostZAR}</arg>
</arguments>
<msg timestamp="20210604 15:09:31.074" level="INFO">Clicking element 'xpath://ul[@class='jstree-container-ul jstree-children']//a[contains(text(),'ZAR')]'.</msg>
<status status="PASS" starttime="20210604 15:09:31.073" endtime="20210604 15:09:31.285"></status>
</kw>
<kw name="Input Text" library="SeleniumLibrary">
<doc>Types the given ``text`` into the text field identified by ``locator``.</doc>
<arguments>
<arg>${ActionsCostInput}</arg>
<arg>1234</arg>
</arguments>
<msg timestamp="20210604 15:09:31.287" level="INFO">Typing text '1234' into text field 'xpath://div[@id='control_5090A79C-1A64-4B43-96AB-F22F26FA0868']//input[@language='A50A7F35-56F8-451E-82D9-946BD9ADEDB4']'.</msg>
<status status="PASS" starttime="20210604 15:09:31.285" endtime="20210604 15:09:31.657"></status>
</kw>
<kw name="Log To Console" library="BuiltIn">
<doc>Logs the given message to the console.</doc>
<arguments>
<arg>Recurring action?</arg>
</arguments>
<status status="PASS" starttime="20210604 15:09:31.657" endtime="20210604 15:09:31.658"></status>
</kw>
<kw name="Element Should Be Visible" library="SeleniumLibrary">
<doc>Verifies that the element identified by ``locator`` is visible.</doc>
<arguments>
<arg>${ActionsRecurringActionDDNo}</arg>
</arguments>
<msg timestamp="20210604 15:09:31.702" level="INFO">Element 'xpath://div[@id='control_75E03EEF-7485-4945-A6DF-2D347B63C975']/div/a/span/ul/li[text()='No']' is displayed.</msg>
<status status="PASS" starttime="20210604 15:09:31.658" endtime="20210604 15:09:31.702"></status>
</kw>
<kw name="Log To Console" library="BuiltIn">
<doc>Logs the given message to the console.</doc>
<arguments>
<arg>Pending days required?</arg>
</arguments>
<status status="PASS" starttime="20210604 15:09:31.702" endtime="20210604 15:09:31.703"></status>
</kw>
<kw name="Element Should Be Visible" library="SeleniumLibrary">
<doc>Verifies that the element identified by ``locator`` is visible.</doc>
<arguments>
<arg>${ActionsPendingDaysRequiredDDNo}</arg>
</arguments>
<msg timestamp="20210604 15:09:31.739" level="INFO">Element 'xpath://div[@id='control_71280A50-091F-48EC-B151-811D467F7946']/div/a/span/ul/li[text()='No']' is displayed.</msg>
<status status="PASS" starttime="20210604 15:09:31.703" endtime="20210604 15:09:31.740"></status>
</kw>
<kw name="Capture Page Screenshot" library="SeleniumLibrary">
<doc>Takes a screenshot of the current page and embeds it into a log file.</doc>
<arguments>
<arg>${OUTPUTDIR}/Results/Actions Record - Recurring Action_Pending Days Dropdowns - No.png</arg>
</arguments>
<assign>
<var>${file1}</var>
</assign>
<msg timestamp="20210604 15:09:31.876" level="INFO" html="yes">&lt;/td&gt;&lt;/tr&gt;&lt;tr&gt;&lt;td colspan="3"&gt;&lt;a href="Results/Actions%20Record%20-%20Recurring%20Action_Pending%20Days%20Dropdowns%20-%20No.png"&gt;&lt;img src="Results/Actions%20Record%20-%20Recurring%20Action_Pending%20Days%20Dropdowns%20-%20No.png" width="800px"&gt;&lt;/a&gt;</msg>
<msg timestamp="20210604 15:09:31.877" level="INFO">${file1} = C:\Users\Delwin.Horsthemke\PycharmProjects\Robot_ST_Templates\results\Actions\Results\Actions Record - Recurring Action_Pending Days Dropdowns - No.png</msg>
<status status="PASS" starttime="20210604 15:09:31.740" endtime="20210604 15:09:31.878"></status>
</kw>
<kw name="Log To Console" library="BuiltIn">
<doc>Logs the given message to the console.</doc>
<arguments>
<arg>Action due date</arg>
</arguments>
<status status="PASS" starttime="20210604 15:09:31.878" endtime="20210604 15:09:31.880"></status>
</kw>
<kw name="Get Current Date" library="DateTime">
<doc>Returns current local or UTC time with an optional increment.</doc>
<arguments>
<arg>result_format=%d/%m/%Y</arg>
<arg>increment=+5 day</arg>
</arguments>
<assign>
<var>${FutureDate}</var>
</assign>
<msg timestamp="20210604 15:09:31.881" level="INFO">${FutureDate} = 09/06/2021</msg>
<status status="PASS" starttime="20210604 15:09:31.880" endtime="20210604 15:09:31.881"></status>
</kw>
<kw name="Set Global Variable" library="BuiltIn">
<doc>Makes a variable available globally in all tests and suites.</doc>
<arguments>
<arg>${FutureDate}</arg>
</arguments>
<msg timestamp="20210604 15:09:31.882" level="INFO">${FutureDate} = 09/06/2021</msg>
<status status="PASS" starttime="20210604 15:09:31.882" endtime="20210604 15:09:31.882"></status>
</kw>
<kw name="Input Text" library="SeleniumLibrary">
<doc>Types the given ``text`` into the text field identified by ``locator``.</doc>
<arguments>
<arg>${ActionsDueDate}</arg>
<arg>${FutureDate}</arg>
</arguments>
<msg timestamp="20210604 15:09:31.883" level="INFO">Typing text '09/06/2021' into text field 'xpath://div[@id='control_A1A7A250-4916-472D-A6A5-CDA980F5DA52']//input'.</msg>
<status status="PASS" starttime="20210604 15:09:31.883" endtime="20210604 15:09:32.181"></status>
</kw>
<kw name="Log To Console" library="BuiltIn">
<doc>Logs the given message to the console.</doc>
<arguments>
<arg>Action status</arg>
</arguments>
<status status="PASS" starttime="20210604 15:09:32.181" endtime="20210604 15:09:32.181"></status>
</kw>
<kw name="Element Should Be Visible" library="SeleniumLibrary">
<doc>Verifies that the element identified by ``locator`` is visible.</doc>
<arguments>
<arg>${ActionsStatusToBeInitiated}</arg>
</arguments>
<msg timestamp="20210604 15:09:32.215" level="INFO">Element 'xpath://div[@id='control_FEEDA1FF-BDED-41F2-A970-81E75BE28850']/div/a/span/ul/li[text()='To be initiated']' is displayed.</msg>
<status status="PASS" starttime="20210604 15:09:32.182" endtime="20210604 15:09:32.215"></status>
</kw>
<kw name="Log To Console" library="BuiltIn">
<doc>Logs the given message to the console.</doc>
<arguments>
<arg>Supporting Documents</arg>
</arguments>
<status status="PASS" starttime="20210604 15:09:32.215" endtime="20210604 15:09:32.216"></status>
</kw>
<kw name="Sleep" library="BuiltIn">
<doc>Pauses the test executed for the given time.</doc>
<arguments>
<arg>1</arg>
</arguments>
<msg timestamp="20210604 15:09:33.218" level="INFO">Slept 1 second</msg>
<status status="PASS" starttime="20210604 15:09:32.216" endtime="20210604 15:09:33.219"></status>
</kw>
<kw name="Click Element" library="SeleniumLibrary">
<doc>Click the element identified by ``locator``.</doc>
<arguments>
<arg>${ActionsSupportDocsTab}</arg>
</arguments>
<msg timestamp="20210604 15:09:33.220" level="INFO">Clicking element 'xpath://li[@id='tab_C298F1A9-5ACB-4936-9F4B-2F21E3CDC3FE']/div[text()='Supporting Documents']'.</msg>
<status status="PASS" starttime="20210604 15:09:33.219" endtime="20210604 15:09:33.390"></status>
</kw>
<kw name="Wait Until Element Is Visible" library="SeleniumLibrary">
<doc>Waits until the element ``locator`` is visible.</doc>
<arguments>
<arg>${ActionsSupportDocsLink}</arg>
<arg>20 seconds</arg>
</arguments>
<status status="PASS" starttime="20210604 15:09:33.392" endtime="20210604 15:09:33.432"></status>
</kw>
<kw name="Click Element" library="SeleniumLibrary">
<doc>Click the element identified by ``locator``.</doc>
<arguments>
<arg>${ActionsSupportDocsLink}</arg>
</arguments>
<msg timestamp="20210604 15:09:33.432" level="INFO">Clicking element 'xpath://div[@id='control_F335B583-BFA7-4D39-BA63-4DA25CD90131']//b[@original-title='Link to a document']'.</msg>
<status status="PASS" starttime="20210604 15:09:33.432" endtime="20210604 15:09:33.584"></status>
</kw>
<kw name="Switch Window" library="SeleniumLibrary">
<doc>Switches to browser window matching ``locator``.</doc>
<status status="PASS" starttime="20210604 15:09:33.584" endtime="20210604 15:09:33.604"></status>
</kw>
<kw name="Sleep" library="BuiltIn">
<doc>Pauses the test executed for the given time.</doc>
<arguments>
<arg>1</arg>
</arguments>
<msg timestamp="20210604 15:09:34.614" level="INFO">Slept 1 second</msg>
<status status="PASS" starttime="20210604 15:09:33.605" endtime="20210604 15:09:34.614"></status>
</kw>
<kw name="Wait Until Element Is Visible" library="SeleniumLibrary">
<doc>Waits until the element ``locator`` is visible.</doc>
<arguments>
<arg>${ActionsSupportDocUrl}</arg>
<arg>20 seconds</arg>
</arguments>
<status status="PASS" starttime="20210604 15:09:34.615" endtime="20210604 15:09:34.653"></status>
</kw>
<kw name="Input Text" library="SeleniumLibrary">
<doc>Types the given ``text`` into the text field identified by ``locator``.</doc>
<arguments>
<arg>${ActionsSupportDocUrl}</arg>
<arg>www.isomertix.com</arg>
</arguments>
<msg timestamp="20210604 15:09:34.654" level="INFO">Typing text 'www.isomertix.com' into text field 'xpath://div[@class='confirm-popup popup']//input[@id='urlValue']'.</msg>
<status status="PASS" starttime="20210604 15:09:34.653" endtime="20210604 15:09:34.864"></status>
</kw>
<kw name="Input Text" library="SeleniumLibrary">
<doc>Types the given ``text`` into the text field identified by ``locator``.</doc>
<arguments>
<arg>${ActionsSupportDocURLTitle}</arg>
<arg>Isometrix</arg>
</arguments>
<msg timestamp="20210604 15:09:34.865" level="INFO">Typing text 'Isometrix' into text field 'xpath://div[@class='popup-container']//input[@id='urlTitle']'.</msg>
<status status="PASS" starttime="20210604 15:09:34.864" endtime="20210604 15:09:35.031"></status>
</kw>
<kw name="Click Element" library="SeleniumLibrary">
<doc>Click the element identified by ``locator``.</doc>
<arguments>
<arg>${ActionsSupportDocURLAdd}</arg>
</arguments>
<msg timestamp="20210604 15:09:35.032" level="INFO">Clicking element 'xpath://div[@class='popup-container']//div[contains(text(),'Add')]'.</msg>
<status status="PASS" starttime="20210604 15:09:35.031" endtime="20210604 15:09:35.136"></status>
</kw>
<kw name="Capture Page Screenshot" library="SeleniumLibrary">
<doc>Takes a screenshot of the current page and embeds it into a log file.</doc>
<arguments>
<arg>${OUTPUTDIR}/Results/Actions Supporting Documents Link Added.png</arg>
</arguments>
<assign>
<var>${file1}</var>
</assign>
<msg timestamp="20210604 15:09:35.380" level="INFO" html="yes">&lt;/td&gt;&lt;/tr&gt;&lt;tr&gt;&lt;td colspan="3"&gt;&lt;a href="Results/Actions%20Supporting%20Documents%20Link%20Added.png"&gt;&lt;img src="Results/Actions%20Supporting%20Documents%20Link%20Added.png" width="800px"&gt;&lt;/a&gt;</msg>
<msg timestamp="20210604 15:09:35.381" level="INFO">${file1} = C:\Users\Delwin.Horsthemke\PycharmProjects\Robot_ST_Templates\results\Actions\Results\Actions Supporting Documents Link Added.png</msg>
<status status="PASS" starttime="20210604 15:09:35.136" endtime="20210604 15:09:35.381"></status>
</kw>
<kw name="Sleep" library="BuiltIn">
<doc>Pauses the test executed for the given time.</doc>
<arguments>
<arg>1</arg>
</arguments>
<msg timestamp="20210604 15:09:36.384" level="INFO">Slept 1 second</msg>
<status status="PASS" starttime="20210604 15:09:35.383" endtime="20210604 15:09:36.384"></status>
</kw>
<kw name="Select Frame" library="SeleniumLibrary">
<doc>Sets frame identified by ``locator`` as the current frame.</doc>
<arguments>
<arg>${iFrame}</arg>
</arguments>
<msg timestamp="20210604 15:09:36.385" level="INFO">Selecting frame 'xpath://iframe[@id='ifrMain']'.</msg>
<status status="PASS" starttime="20210604 15:09:36.385" endtime="20210604 15:09:36.441"></status>
</kw>
<kw name="Log To Console" library="BuiltIn">
<doc>Logs the given message to the console.</doc>
<arguments>
<arg>Action Details Tab</arg>
</arguments>
<status status="PASS" starttime="20210604 15:09:36.442" endtime="20210604 15:09:36.445"></status>
</kw>
<kw name="Click Element" library="SeleniumLibrary">
<doc>Click the element identified by ``locator``.</doc>
<arguments>
<arg>${ActionDetailTab}</arg>
</arguments>
<msg timestamp="20210604 15:09:36.446" level="INFO">Clicking element 'xpath://li[@id='tab_3C419243-7BEA-4DFE-BC44-088F3555618A']/div[text()='Action Detail']'.</msg>
<status status="PASS" starttime="20210604 15:09:36.445" endtime="20210604 15:09:36.621"></status>
</kw>
<kw name="Sleep" library="BuiltIn">
<doc>Pauses the test executed for the given time.</doc>
<arguments>
<arg>1</arg>
</arguments>
<msg timestamp="20210604 15:09:37.633" level="INFO">Slept 1 second</msg>
<status status="PASS" starttime="20210604 15:09:36.621" endtime="20210604 15:09:37.633"></status>
</kw>
<kw name="Scroll Element Into View" library="SeleniumLibrary">
<doc>Scrolls the element identified by ``locator`` into view.</doc>
<arguments>
<arg>${ActionsCreateActionBtn}</arg>
</arguments>
<status status="PASS" starttime="20210604 15:09:37.634" endtime="20210604 15:09:38.012"></status>
</kw>
<kw name="Sleep" library="BuiltIn">
<doc>Pauses the test executed for the given time.</doc>
<arguments>
<arg>1</arg>
</arguments>
<msg timestamp="20210604 15:09:39.027" level="INFO">Slept 1 second</msg>
<status status="PASS" starttime="20210604 15:09:38.012" endtime="20210604 15:09:39.031"></status>
</kw>
<kw name="Click Element" library="SeleniumLibrary">
<doc>Click the element identified by ``locator``.</doc>
<arguments>
<arg>${ActionsCreateActionBtn}</arg>
</arguments>
<msg timestamp="20210604 15:09:39.034" level="INFO">Clicking element 'xpath://div[@id='control_BB4A2316-DCD6-439F-9510-BA9460B115B4']/div/div[text()='Create action']'.</msg>
<status status="PASS" starttime="20210604 15:09:39.032" endtime="20210604 15:09:39.171"></status>
</kw>
<kw name="Wait Until Element Is Visible" library="SeleniumLibrary">
<doc>Waits until the element ``locator`` is visible.</doc>
<arguments>
<arg>${RecordSaved2}</arg>
<arg>60 seconds</arg>
</arguments>
<status status="PASS" starttime="20210604 15:09:39.171" endtime="20210604 15:09:50.320"></status>
</kw>
<kw name="Log To Console" library="BuiltIn">
<doc>Logs the given message to the console.</doc>
<arguments>
<arg>Supporting Documents Tab</arg>
</arguments>
<status status="PASS" starttime="20210604 15:09:50.320" endtime="20210604 15:09:50.321"></status>
</kw>
<kw name="Click Element" library="SeleniumLibrary">
<doc>Click the element identified by ``locator``.</doc>
<arguments>
<arg>${ActionsSupportDocsTab}</arg>
</arguments>
<msg timestamp="20210604 15:09:50.321" level="INFO">Clicking element 'xpath://li[@id='tab_C298F1A9-5ACB-4936-9F4B-2F21E3CDC3FE']/div[text()='Supporting Documents']'.</msg>
<status status="PASS" starttime="20210604 15:09:50.321" endtime="20210604 15:09:50.452"></status>
</kw>
<kw name="Wait Until Page Contains Element" library="SeleniumLibrary">
<doc>Waits until the element ``locator`` appears on the current page.</doc>
<arguments>
<arg>${ActionsSupportDocsLinkAdded}</arg>
</arguments>
<status status="PASS" starttime="20210604 15:09:50.453" endtime="20210604 15:09:50.484"></status>
</kw>
<kw name="Capture Page Screenshot" library="SeleniumLibrary">
<doc>Takes a screenshot of the current page and embeds it into a log file.</doc>
<arguments>
<arg>${OUTPUTDIR}/Results/Actions Supporting Documents Added.png</arg>
</arguments>
<assign>
<var>${file1}</var>
</assign>
<msg timestamp="20210604 15:09:50.665" level="INFO" html="yes">&lt;/td&gt;&lt;/tr&gt;&lt;tr&gt;&lt;td colspan="3"&gt;&lt;a href="Results/Actions%20Supporting%20Documents%20Added.png"&gt;&lt;img src="Results/Actions%20Supporting%20Documents%20Added.png" width="800px"&gt;&lt;/a&gt;</msg>
<msg timestamp="20210604 15:09:50.666" level="INFO">${file1} = C:\Users\Delwin.Horsthemke\PycharmProjects\Robot_ST_Templates\results\Actions\Results\Actions Supporting Documents Added.png</msg>
<status status="PASS" starttime="20210604 15:09:50.484" endtime="20210604 15:09:50.666"></status>
</kw>
<kw name="Log To Console" library="BuiltIn">
<doc>Logs the given message to the console.</doc>
<arguments>
<arg>Action Details Tab</arg>
</arguments>
<status status="PASS" starttime="20210604 15:09:50.667" endtime="20210604 15:09:50.668"></status>
</kw>
<kw name="Click Element" library="SeleniumLibrary">
<doc>Click the element identified by ``locator``.</doc>
<arguments>
<arg>${ActionDetailTab}</arg>
</arguments>
<msg timestamp="20210604 15:09:50.670" level="INFO">Clicking element 'xpath://li[@id='tab_3C419243-7BEA-4DFE-BC44-088F3555618A']/div[text()='Action Detail']'.</msg>
<status status="PASS" starttime="20210604 15:09:50.669" endtime="20210604 15:09:50.788"></status>
</kw>
<kw name="Sleep" library="BuiltIn">
<doc>Pauses the test executed for the given time.</doc>
<arguments>
<arg>1</arg>
</arguments>
<msg timestamp="20210604 15:09:51.795" level="INFO">Slept 1 second</msg>
<status status="PASS" starttime="20210604 15:09:50.789" endtime="20210604 15:09:51.796"></status>
</kw>
<kw name="Element Should Be Visible" library="SeleniumLibrary">
<doc>Verifies that the element identified by ``locator`` is visible.</doc>
<arguments>
<arg>${ActionsPFScheduled}</arg>
</arguments>
<msg timestamp="20210604 15:09:51.839" level="INFO">Element 'xpath:(//div[@id='divProcess_5C4FFFC4-66A2-4DAA-9B1F-168A37737EF2'])[2]/div/div[2]/div/div[@class='step active']//div[text()='To be initiated/Scheduled']' is displayed.</msg>
<status status="PASS" starttime="20210604 15:09:51.797" endtime="20210604 15:09:51.839"></status>
</kw>
<kw name="Element Should Be Visible" library="SeleniumLibrary">
<doc>Verifies that the element identified by ``locator`` is visible.</doc>
<arguments>
<arg>${ActionsFeedbackTab}</arg>
</arguments>
<msg timestamp="20210604 15:09:51.877" level="INFO">Element 'xpath://li[@id='tab_99358277-8A7C-40A1-9ED3-7613E44800C2']/div[text()='Action Feedback']' is displayed.</msg>
<status status="PASS" starttime="20210604 15:09:51.839" endtime="20210604 15:09:51.877"></status>
</kw>
<kw name="Element Should Be Visible" library="SeleniumLibrary">
<doc>Verifies that the element identified by ``locator`` is visible.</doc>
<arguments>
<arg>${ActionsExtensionRequestLogTab}</arg>
</arguments>
<msg timestamp="20210604 15:09:51.902" level="INFO">Element 'xpath://li[@id='tab_FBA1283D-2084-4BE8-9BEA-AF10BAF2B0A6']/div[text()='Action Extension Request Log']' is displayed.</msg>
<status status="PASS" starttime="20210604 15:09:51.877" endtime="20210604 15:09:51.902"></status>
</kw>
<kw name="Element Should Be Visible" library="SeleniumLibrary">
<doc>Verifies that the element identified by ``locator`` is visible.</doc>
<arguments>
<arg>${ActionsEscalationDDIanAdmin}</arg>
</arguments>
<msg timestamp="20210604 15:09:51.945" level="INFO">Element 'xpath://div[@id='control_9837FA24-F3EE-4463-8BD4-8F1D6038885F']/div/a/span/ul/li[text()='Ian Admin']' is displayed.</msg>
<status status="PASS" starttime="20210604 15:09:51.902" endtime="20210604 15:09:51.946"></status>
</kw>
<kw name="Scroll Element Into View" library="SeleniumLibrary">
<doc>Scrolls the element identified by ``locator`` into view.</doc>
<arguments>
<arg>${ActionsRequestActionExtensionBtn}</arg>
</arguments>
<status status="PASS" starttime="20210604 15:09:51.946" endtime="20210604 15:09:52.284"></status>
</kw>
<kw name="Element Should Be Visible" library="SeleniumLibrary">
<doc>Verifies that the element identified by ``locator`` is visible.</doc>
<arguments>
<arg>${ActionsStatusToBeInitiated}</arg>
</arguments>
<msg timestamp="20210604 15:09:52.321" level="INFO">Element 'xpath://div[@id='control_FEEDA1FF-BDED-41F2-A970-81E75BE28850']/div/a/span/ul/li[text()='To be initiated']' is displayed.</msg>
<status status="PASS" starttime="20210604 15:09:52.284" endtime="20210604 15:09:52.321"></status>
</kw>
<kw name="Element Should Be Visible" library="SeleniumLibrary">
<doc>Verifies that the element identified by ``locator`` is visible.</doc>
<arguments>
<arg>${ActionsActionCompleteFeedbackBtn}</arg>
</arguments>
<msg timestamp="20210604 15:09:52.362" level="INFO">Element 'xpath://div[@id='control_523DE899-F173-4121-9AFC-0E792D0F9F34']/div/div[text()='Action complete/feedback']' is displayed.</msg>
<status status="PASS" starttime="20210604 15:09:52.321" endtime="20210604 15:09:52.363"></status>
</kw>
<kw name="Element Should Be Visible" library="SeleniumLibrary">
<doc>Verifies that the element identified by ``locator`` is visible.</doc>
<arguments>
<arg>${ActionsRecordNo}</arg>
</arguments>
<msg timestamp="20210604 15:09:52.468" level="INFO">Element 'xpath:(//div[@id='form_5C4FFFC4-66A2-4DAA-9B1F-168A37737EF2']//div[contains(text(),'- Record #')])[1]' is displayed.</msg>
<status status="PASS" starttime="20210604 15:09:52.363" endtime="20210604 15:09:52.468"></status>
</kw>
<kw name="Get Text" library="SeleniumLibrary">
<doc>Returns the text value of the element identified by ``locator``.</doc>
<arguments>
<arg>${ActionsRecordNo}</arg>
</arguments>
<assign>
<var>${recordnumber}</var>
</assign>
<msg timestamp="20210604 15:09:52.501" level="INFO">${recordnumber} = - Record #6931</msg>
<status status="PASS" starttime="20210604 15:09:52.468" endtime="20210604 15:09:52.501"></status>
</kw>
<kw name="Log" library="BuiltIn">
<doc>Logs the given message with the given level.</doc>
<arguments>
<arg>${recordnumber}</arg>
</arguments>
<msg timestamp="20210604 15:09:52.501" level="INFO">- Record #6931</msg>
<status status="PASS" starttime="20210604 15:09:52.501" endtime="20210604 15:09:52.501"></status>
</kw>
<kw name="Capture Page Screenshot" library="SeleniumLibrary">
<doc>Takes a screenshot of the current page and embeds it into a log file.</doc>
<arguments>
<arg>${OUTPUTDIR}/Results/Actions Record Saved - To be initiated/Scheduled phase Pending Status.png</arg>
</arguments>
<assign>
<var>${file1}</var>
</assign>
<msg timestamp="20210604 15:09:52.652" level="INFO" html="yes">&lt;/td&gt;&lt;/tr&gt;&lt;tr&gt;&lt;td colspan="3"&gt;&lt;a href="Results/Actions%20Record%20Saved%20-%20To%20be%20initiated/Scheduled%20phase%20Pending%20Status.png"&gt;&lt;img src="Results/Actions%20Record%20Saved%20-%20To%20be%20initiated/Scheduled%20phase%20Pending%20Status.png" width="800px"&gt;&lt;/a&gt;</msg>
<msg timestamp="20210604 15:09:52.653" level="INFO">${file1} = C:\Users\Delwin.Horsthemke\PycharmProjects\Robot_ST_Templates\results\Actions\Results\Actions Record Saved - To be initiated\Scheduled phase Pending Status.png</msg>
<status status="PASS" starttime="20210604 15:09:52.501" endtime="20210604 15:09:52.653"></status>
</kw>
<status status="PASS" starttime="20210604 15:09:15.820" endtime="20210604 15:09:52.653"></status>
</kw>
<kw name="Capture Action Feedback_AS2" library="FR2_CaptureActionFeedback-FR6_ActionsOverdue_Keywords">
<kw name="Log To Console" library="BuiltIn">
<doc>Logs the given message to the console.</doc>
<arguments>
<arg>Actions Feedback Tab</arg>
</arguments>
<status status="PASS" starttime="20210604 15:09:52.656" endtime="20210604 15:09:52.659"></status>
</kw>
<kw name="Click Element" library="SeleniumLibrary">
<doc>Click the element identified by ``locator``.</doc>
<arguments>
<arg>${ActionsFeedbackTab}</arg>
</arguments>
<msg timestamp="20210604 15:09:52.660" level="INFO">Clicking element 'xpath://li[@id='tab_99358277-8A7C-40A1-9ED3-7613E44800C2']/div[text()='Action Feedback']'.</msg>
<status status="PASS" starttime="20210604 15:09:52.660" endtime="20210604 15:09:52.786"></status>
</kw>
<kw name="Wait Until Page Contains Element" library="SeleniumLibrary">
<doc>Waits until the element ``locator`` appears on the current page.</doc>
<arguments>
<arg>${ActionsFeedbackAdd}</arg>
<arg>40 seconds</arg>
</arguments>
<status status="PASS" starttime="20210604 15:09:52.787" endtime="20210604 15:09:53.185"></status>
</kw>
<kw name="Sleep" library="BuiltIn">
<doc>Pauses the test executed for the given time.</doc>
<arguments>
<arg>1</arg>
</arguments>
<msg timestamp="20210604 15:09:54.199" level="INFO">Slept 1 second</msg>
<status status="PASS" starttime="20210604 15:09:53.185" endtime="20210604 15:09:54.200"></status>
</kw>
<kw name="Log To Console" library="BuiltIn">
<doc>Logs the given message to the console.</doc>
<arguments>
<arg>Add Button</arg>
</arguments>
<status status="PASS" starttime="20210604 15:09:54.200" endtime="20210604 15:09:54.202"></status>
</kw>
<kw name="Click Element" library="SeleniumLibrary">
<doc>Click the element identified by ``locator``.</doc>
<arguments>
<arg>${ActionsFeedbackAdd}</arg>
</arguments>
<msg timestamp="20210604 15:09:54.203" level="INFO">Clicking element 'xpath://div[@sourceid='DB1AFD7D-40B5-47B3-A866-45A3E2F86848']//div[@id='btnAddNew']'.</msg>
<status status="PASS" starttime="20210604 15:09:54.203" endtime="20210604 15:09:54.403"></status>
</kw>
<kw name="Sleep" library="BuiltIn">
<doc>Pauses the test executed for the given time.</doc>
<arguments>
<arg>5</arg>
</arguments>
<msg timestamp="20210604 15:09:59.405" level="INFO">Slept 5 seconds</msg>
<status status="PASS" starttime="20210604 15:09:54.404" endtime="20210604 15:09:59.405"></status>
</kw>
<kw name="Element Should Be Visible" library="SeleniumLibrary">
<doc>Verifies that the element identified by ``locator`` is visible.</doc>
<arguments>
<arg>${ActionsFeedbackPF}</arg>
</arguments>
<msg timestamp="20210604 15:09:59.450" level="INFO">Element 'xpath://div[@id='btnProcessFlow_form_DB1AFD7D-40B5-47B3-A866-45A3E2F86848']' is displayed.</msg>
<status status="PASS" starttime="20210604 15:09:59.406" endtime="20210604 15:09:59.452"></status>
</kw>
<kw name="Element Should Be Visible" library="SeleniumLibrary">
<doc>Verifies that the element identified by ``locator`` is visible.</doc>
<arguments>
<arg>${ActionsFeedbackSendFeed2Man}</arg>
</arguments>
<msg timestamp="20210604 15:09:59.489" level="INFO">Element 'xpath:(//div[@id='control_4854CDB6-7DB2-48B6-B92F-7F2E008CD5E2']/div/div/ul/ul/li/a[text()='2 Manager']/i)[1]' is displayed.</msg>
<status status="PASS" starttime="20210604 15:09:59.452" endtime="20210604 15:09:59.489"></status>
</kw>
<kw name="Element Should Be Visible" library="SeleniumLibrary">
<doc>Verifies that the element identified by ``locator`` is visible.</doc>
<arguments>
<arg>${ActionsFeedbackSaveCloseBtn}</arg>
</arguments>
<msg timestamp="20210604 15:09:59.517" level="INFO">Element 'xpath://div[@id='control_BE9BC577-BF5C-41B3-8556-413E90BA23CE']/div/div[text()='Save and close']' is displayed.</msg>
<status status="PASS" starttime="20210604 15:09:59.489" endtime="20210604 15:09:59.518"></status>
</kw>
<kw name="Click Element" library="SeleniumLibrary">
<doc>Click the element identified by ``locator``.</doc>
<arguments>
<arg>${ActionsFeedbackPF}</arg>
</arguments>
<msg timestamp="20210604 15:09:59.518" level="INFO">Clicking element 'xpath://div[@id='btnProcessFlow_form_DB1AFD7D-40B5-47B3-A866-45A3E2F86848']'.</msg>
<status status="PASS" starttime="20210604 15:09:59.518" endtime="20210604 15:09:59.684"></status>
</kw>
<kw name="Wait Until Element Is Visible" library="SeleniumLibrary">
<doc>Waits until the element ``locator`` is visible.</doc>
<arguments>
<arg>${ActionsFeedbackPFAdd}</arg>
<arg>40 seconds</arg>
</arguments>
<status status="PASS" starttime="20210604 15:09:59.684" endtime="20210604 15:09:59.749"></status>
</kw>
<kw name="Capture Page Screenshot" library="SeleniumLibrary">
<doc>Takes a screenshot of the current page and embeds it into a log file.</doc>
<arguments>
<arg>${OUTPUTDIR}/Results/New Actions Feedback Record Opened - Add phase.png</arg>
</arguments>
<assign>
<var>${file1}</var>
</assign>
[...]
<status status="PASS" starttime="20210604 15:20:04.546" endtime="20210604 15:20:04.796"></status>
</kw>
<status status="PASS" starttime="20210604 15:20:03.905" endtime="20210604 15:20:04.797"></status>
</kw>
<kw name="ValidateSiteVersion" library="keywords">
<doc>This is to validate that the Site is on the correct version</doc>
<kw name="Wait Until Element Is Visible" library="SeleniumLibrary">
<doc>Waits until the element ``locator`` is visible.</doc>
<arguments>
<arg>${Sidebarlink}</arg>
<arg>60 seconds</arg>
</arguments>
<status status="PASS" starttime="20210604 15:20:04.802" endtime="20210604 15:20:07.237"></status>
</kw>
<kw name="Click Element" library="SeleniumLibrary">
<doc>Click the element identified by ``locator``.</doc>
<arguments>
<arg>${Sidebarlink}</arg>
</arguments>
<msg timestamp="20210604 15:20:07.238" level="INFO">Clicking element 'xpath://*[@id='default-page']/body/div/div[1]/a/i'.</msg>
<status status="PASS" starttime="20210604 15:20:07.237" endtime="20210604 15:20:07.374"></status>
</kw>
<kw name="Get Text" library="SeleniumLibrary">
<doc>Returns the text value of the element identified by ``locator``.</doc>
<arguments>
<arg>${FooterSiteVersion}</arg>
</arguments>
<status status="PASS" starttime="20210604 15:20:07.374" endtime="20210604 15:20:07.970"></status>
</kw>
<kw name="Capture Page Screenshot" library="SeleniumLibrary">
<doc>Takes a screenshot of the current page and embeds it into a log file.</doc>
<arguments>
<arg>${OUTPUTDIR}/Results/SiteCorrectVersion-{index}.png</arg>
</arguments>
<assign>
<var>${file1}</var>
</assign>
<msg timestamp="20210604 15:20:08.473" level="INFO" html="yes">&lt;/td&gt;&lt;/tr&gt;&lt;tr&gt;&lt;td colspan="3"&gt;&lt;a href="Results/SiteCorrectVersion-12.png"&gt;&lt;img src="Results/SiteCorrectVersion-12.png" width="800px"&gt;&lt;/a&gt;</msg>
<msg timestamp="20210604 15:20:08.473" level="INFO">${file1} = C:\Users\Delwin.Horsthemke\PycharmProjects\Robot_ST_Templates\results\Actions\Results\SiteCorrectVersion-12.png</msg>
<status status="PASS" starttime="20210604 15:20:07.971" endtime="20210604 15:20:08.473"></status>
</kw>
<kw name="Sleep" library="BuiltIn">
<doc>Pauses the test executed for the given time.</doc>
<arguments>
<arg>1 seconds</arg>
</arguments>
<msg timestamp="20210604 15:20:09.474" level="INFO">Slept 1 second</msg>
<status status="PASS" starttime="20210604 15:20:08.473" endtime="20210604 15:20:09.474"></status>
</kw>
<kw name="Element Should Be Visible" library="SeleniumLibrary">
<doc>Verifies that the element identified by ``locator`` is visible.</doc>
<arguments>
<arg>${Sidebarlink}</arg>
</arguments>
<msg timestamp="20210604 15:20:09.500" level="INFO">Element 'xpath://*[@id='default-page']/body/div/div[1]/a/i' is displayed.</msg>
<status status="PASS" starttime="20210604 15:20:09.474" endtime="20210604 15:20:09.500"></status>
</kw>
<kw name="Click Element" library="SeleniumLibrary">
<doc>Click the element identified by ``locator``.</doc>
<arguments>
<arg>${Sidebarlink}</arg>
</arguments>
<msg timestamp="20210604 15:20:09.501" level="INFO">Clicking element 'xpath://*[@id='default-page']/body/div/div[1]/a/i'.</msg>
<status status="PASS" starttime="20210604 15:20:09.501" endtime="20210604 15:20:09.551"></status>
</kw>
<kw name="Select Frame" library="SeleniumLibrary">
<doc>Sets frame identified by ``locator`` as the current frame.</doc>
<arguments>
<arg>${iFrame}</arg>
</arguments>
<msg timestamp="20210604 15:20:09.554" level="INFO">Selecting frame 'xpath://iframe[@id='ifrMain']'.</msg>
<status status="PASS" starttime="20210604 15:20:09.552" endtime="20210604 15:20:09.702"></status>
</kw>
<kw name="Wait Until Element Is Visible" library="SeleniumLibrary">
<doc>Waits until the element ``locator`` is visible.</doc>
<arguments>
<arg>${SolutionsInterface}</arg>
<arg>60 seconds</arg>
</arguments>
<status status="PASS" starttime="20210604 15:20:09.702" endtime="20210604 15:20:09.861"></status>
</kw>
<kw name="Get Text" library="SeleniumLibrary">
<doc>Returns the text value of the element identified by ``locator``.</doc>
<arguments>
<arg>${SolutionsInterface}</arg>
</arguments>
<status status="PASS" starttime="20210604 15:20:09.862" endtime="20210604 15:20:10.107"></status>
</kw>
<status status="PASS" starttime="20210604 15:20:04.801" endtime="20210604 15:20:10.107"></status>
</kw>
<kw name="Overdue Actions_MS" library="FR2_CaptureActionFeedback-FR6_ActionsOverdue_Keywords">
<kw name="Log To Console" library="BuiltIn">
<doc>Logs the given message to the console.</doc>
<arguments>
<arg>Click on Environment, Health &amp; Safety</arg>
</arguments>
<status status="PASS" starttime="20210604 15:20:10.121" endtime="20210604 15:20:10.123"></status>
</kw>
<kw name="Wait Until Element Is Visible" library="SeleniumLibrary">
<doc>Waits until the element ``locator`` is visible.</doc>
<arguments>
<arg>${EHSButton}</arg>
<arg>60 seconds</arg>
</arguments>
<status status="PASS" starttime="20210604 15:20:10.123" endtime="20210604 15:20:10.227"></status>
</kw>
<kw name="Click Element" library="SeleniumLibrary">
<doc>Click the element identified by ``locator``.</doc>
<arguments>
<arg>${EHSButton}</arg>
</arguments>
<msg timestamp="20210604 15:20:10.228" level="INFO">Clicking element 'xpath://label[text()='Environment, Health &amp; Safety']'.</msg>
<status status="PASS" starttime="20210604 15:20:10.228" endtime="20210604 15:20:10.491"></status>
</kw>
<kw name="Capture Page Screenshot" library="SeleniumLibrary">
<doc>Takes a screenshot of the current page and embeds it into a log file.</doc>
<arguments>
<arg>${OUTPUTDIR}/Results/Environment Health Safety.png</arg>
</arguments>
<assign>
<var>${file1}</var>
</assign>
<msg timestamp="20210604 15:20:10.746" level="INFO" html="yes">&lt;/td&gt;&lt;/tr&gt;&lt;tr&gt;&lt;td colspan="3"&gt;&lt;a href="Results/Environment%20Health%20Safety.png"&gt;&lt;img src="Results/Environment%20Health%20Safety.png" width="800px"&gt;&lt;/a&gt;</msg>
<msg timestamp="20210604 15:20:10.748" level="INFO">${file1} = C:\Users\Delwin.Horsthemke\PycharmProjects\Robot_ST_Templates\results\Actions\Results\Environment Health Safety.png</msg>
<status status="PASS" starttime="20210604 15:20:10.491" endtime="20210604 15:20:10.748"></status>
</kw>
<kw name="Log To Console" library="BuiltIn">
<doc>Logs the given message to the console.</doc>
<arguments>
<arg>Click on Central Actions Module Button</arg>
</arguments>
<status status="PASS" starttime="20210604 15:20:10.748" endtime="20210604 15:20:10.749"></status>
</kw>
<kw name="Wait Until Element Is Visible" library="SeleniumLibrary">
<doc>Waits until the element ``locator`` is visible.</doc>
<arguments>
<arg>${CentralActionsModule}</arg>
<arg>60 seconds</arg>
</arguments>
<status status="PASS" starttime="20210604 15:20:10.750" endtime="20210604 15:20:11.772"></status>
</kw>
<kw name="Click Element" library="SeleniumLibrary">
<doc>Click the element identified by ``locator``.</doc>
<arguments>
<arg>${CentralActionsModule}</arg>
</arguments>
<msg timestamp="20210604 15:20:11.773" level="INFO">Clicking element 'xpath://label[text()='Central Action Manager']'.</msg>
<status status="PASS" starttime="20210604 15:20:11.773" endtime="20210604 15:20:13.668"></status>
</kw>
<kw name="Capture Page Screenshot" library="SeleniumLibrary">
<doc>Takes a screenshot of the current page and embeds it into a log file.</doc>
<arguments>
<arg>${OUTPUTDIR}/Results/Central Actions Module.png</arg>
</arguments>
<assign>
<var>${file1}</var>
</assign>
<msg timestamp="20210604 15:20:13.956" level="INFO" html="yes">&lt;/td&gt;&lt;/tr&gt;&lt;tr&gt;&lt;td colspan="3"&gt;&lt;a href="Results/Central%20Actions%20Module.png"&gt;&lt;img src="Results/Central%20Actions%20Module.png" width="800px"&gt;&lt;/a&gt;</msg>
<msg timestamp="20210604 15:20:13.956" level="INFO">${file1} = C:\Users\Delwin.Horsthemke\PycharmProjects\Robot_ST_Templates\results\Actions\Results\Central Actions Module.png</msg>
<status status="PASS" starttime="20210604 15:20:13.668" endtime="20210604 15:20:13.956"></status>
</kw>
<kw name="Log To Console" library="BuiltIn">
<doc>Logs the given message to the console.</doc>
<arguments>
<arg>Expand Search</arg>
</arguments>
<status status="PASS" starttime="20210604 15:20:13.957" endtime="20210604 15:20:13.958"></status>
</kw>
<kw name="Wait Until Element Is Visible" library="SeleniumLibrary">
<doc>Waits until the element ``locator`` is visible.</doc>
<arguments>
<arg>${CentralActionsSearchButton}</arg>
<arg>60 seconds</arg>
</arguments>
<status status="PASS" starttime="20210604 15:20:13.958" endtime="20210604 15:20:14.047"></status>
</kw>
<kw name="Click Element" library="SeleniumLibrary">
<doc>Click the element identified by ``locator``.</doc>
<arguments>
<arg>${ActionsOverdueExpandSearch}</arg>
</arguments>
<msg timestamp="20210604 15:20:14.048" level="INFO">Clicking element 'xpath://span[@class='advanced-options icon more_horiz transition visible']'.</msg>
<status status="PASS" starttime="20210604 15:20:14.047" endtime="20210604 15:20:15.035"></status>
</kw>
<kw name="Wait Until Element Is Visible" library="SeleniumLibrary">
<doc>Waits until the element ``locator`` is visible.</doc>
<arguments>
<arg>${ActionsOverdueOwnerLabel}</arg>
<arg>60 seconds</arg>
</arguments>
<status status="PASS" starttime="20210604 15:20:15.036" endtime="20210604 15:20:15.088"></status>
</kw>
<kw name="Log To Console" library="BuiltIn">
<doc>Logs the given message to the console.</doc>
<arguments>
<arg>Action Status Dropdown</arg>
</arguments>
<status status="PASS" starttime="20210604 15:20:15.089" endtime="20210604 15:20:15.089"></status>
</kw>
<kw name="Click Element" library="SeleniumLibrary">
<doc>Click the element identified by ``locator``.</doc>
<arguments>
<arg>${ActionsOverdueStatusDD}</arg>
</arguments>
<msg timestamp="20210604 15:20:15.090" level="INFO">Clicking element 'xpath://div[@id='divSearch']/div[3]/div/div[3]/table/tbody/tr[7]/td[5]/div/a/span[1]/ul'.</msg>
<status status="PASS" starttime="20210604 15:20:15.090" endtime="20210604 15:20:15.490"></status>
</kw>
<kw name="Wait Until Element Is Visible" library="SeleniumLibrary">
<doc>Waits until the element ``locator`` is visible.</doc>
<arguments>
<arg>${ActionsOverdueDDStatusOverdue}</arg>
<arg>60 seconds</arg>
</arguments>
<status status="PASS" starttime="20210604 15:20:15.490" endtime="20210604 15:20:15.622"></status>
</kw>
<kw name="Click Element" library="SeleniumLibrary">
<doc>Click the element identified by ``locator``.</doc>
<arguments>
<arg>${ActionsOverdueDDStatusOverdue}</arg>
</arguments>
<msg timestamp="20210604 15:20:15.623" level="INFO">Clicking element 'xpath:(//a[text()='Overdue']/i[1])'.</msg>
<status status="PASS" starttime="20210604 15:20:15.623" endtime="20210604 15:20:15.773"></status>
</kw>
<kw name="Sleep" library="BuiltIn">
<doc>Pauses the test executed for the given time.</doc>
<arguments>
<arg>1</arg>
</arguments>
<msg timestamp="20210604 15:20:16.781" level="INFO">Slept 1 second</msg>
<status status="PASS" starttime="20210604 15:20:15.773" endtime="20210604 15:20:16.781"></status>
</kw>
<kw name="Click Element" library="SeleniumLibrary">
<doc>Click the element identified by ``locator``.</doc>
<arguments>
<arg>${ActionsOverdueStatusDD}</arg>
</arguments>
<msg timestamp="20210604 15:20:16.782" level="INFO">Clicking element 'xpath://div[@id='divSearch']/div[3]/div/div[3]/table/tbody/tr[7]/td[5]/div/a/span[1]/ul'.</msg>
<status status="PASS" starttime="20210604 15:20:16.781" endtime="20210604 15:20:16.926"></status>
</kw>
<kw name="Log To Console" library="BuiltIn">
<doc>Logs the given message to the console.</doc>
<arguments>
<arg>Click Search Button</arg>
</arguments>
<status status="PASS" starttime="20210604 15:20:16.926" endtime="20210604 15:20:16.929"></status>
</kw>
<kw name="Wait Until Element Is Visible" library="SeleniumLibrary">
<doc>Waits until the element ``locator`` is visible.</doc>
<arguments>
<arg>${CentralActionsSearchButton}</arg>
<arg>60 seconds</arg>
</arguments>
<status status="PASS" starttime="20210604 15:20:16.930" endtime="20210604 15:20:16.976"></status>
</kw>
<kw name="Click Element" library="SeleniumLibrary">
<doc>Click the element identified by ``locator``.</doc>
<arguments>
<arg>${CentralActionsSearchButton}</arg>
</arguments>
<msg timestamp="20210604 15:20:16.978" level="INFO">Clicking element 'xpath://div[@id='btnActApplyFilter']/div[text()='Search']'.</msg>
<status status="PASS" starttime="20210604 15:20:16.976" endtime="20210604 15:20:17.190"></status>
</kw>
<kw name="Sleep" library="BuiltIn">
<doc>Pauses the test executed for the given time.</doc>
<arguments>
<arg>3</arg>
</arguments>
<msg timestamp="20210604 15:20:20.203" level="INFO">Slept 3 seconds</msg>
<status status="PASS" starttime="20210604 15:20:17.191" endtime="20210604 15:20:20.203"></status>
</kw>
<kw name="Log To Console" library="BuiltIn">
<doc>Logs the given message to the console.</doc>
<arguments>
<arg>Click Overdue Actions Record</arg>
</arguments>
<status status="PASS" starttime="20210604 15:20:20.203" endtime="20210604 15:20:20.204"></status>
</kw>
<kw name="Wait Until Element Is Visible" library="SeleniumLibrary">
<doc>Waits until the element ``locator`` is visible.</doc>
<arguments>
<arg>${ActionsOverdueRecordOpen}</arg>
<arg>60 seconds</arg>
</arguments>
<status status="PASS" starttime="20210604 15:20:20.204" endtime="20210604 15:20:20.231"></status>
</kw>
<kw name="Click Element" library="SeleniumLibrary">
<doc>Click the element identified by ``locator``.</doc>
<arguments>
<arg>${ActionsOverdueRecordOpen}</arg>
</arguments>
<msg timestamp="20210604 15:20:20.233" level="INFO">Clicking element 'xpath:(//div[@id='grid']/div[3]/table/tbody/tr/td[7]/div[@title='Overdue'])[1]'.</msg>
<status status="PASS" starttime="20210604 15:20:20.232" endtime="20210604 15:20:20.356"></status>
</kw>
<kw name="Sleep" library="BuiltIn">
<doc>Pauses the test executed for the given time.</doc>
<arguments>
<arg>5</arg>
</arguments>
<msg timestamp="20210604 15:20:25.364" level="INFO">Slept 5 seconds</msg>
<status status="PASS" starttime="20210604 15:20:20.356" endtime="20210604 15:20:25.365"></status>
</kw>
<kw name="Log To Console" library="BuiltIn">
<doc>Logs the given message to the console.</doc>
<arguments>
<arg>Overdue Actions Record Opened</arg>
</arguments>
<status status="PASS" starttime="20210604 15:20:25.365" endtime="20210604 15:20:25.367"></status>
</kw>
<kw name="Wait Until Element Is Visible" library="SeleniumLibrary">
<doc>Waits until the element ``locator`` is visible.</doc>
<arguments>
<arg>${ActionDetailTab}</arg>
<arg>60 seconds</arg>
</arguments>
<status status="PASS" starttime="20210604 15:20:25.368" endtime="20210604 15:20:27.069"></status>
</kw>
<kw name="Element Should Be Enabled" library="SeleniumLibrary">
<doc>Verifies that element identified by ``locator`` is enabled.</doc>
<arguments>
<arg>${ActionsFeedbackTab}</arg>
</arguments>
<status status="PASS" starttime="20210604 15:20:27.070" endtime="20210604 15:20:27.175"></status>
</kw>
<kw name="Element Should Be Enabled" library="SeleniumLibrary">
<doc>Verifies that element identified by ``locator`` is enabled.</doc>
<arguments>
<arg>${ActionsExtensionRequestLogTab}</arg>
</arguments>
<status status="PASS" starttime="20210604 15:20:27.176" endtime="20210604 15:20:27.259"></status>
</kw>
<kw name="Sleep" library="BuiltIn">
<doc>Pauses the test executed for the given time.</doc>
<arguments>
<arg>1</arg>
</arguments>
<msg timestamp="20210604 15:20:28.271" level="INFO">Slept 1 second</msg>
<status status="PASS" starttime="20210604 15:20:27.259" endtime="20210604 15:20:28.271"></status>
</kw>
<kw name="Scroll Element Into View" library="SeleniumLibrary">
<doc>Scrolls the element identified by ``locator`` into view.</doc>
<arguments>
<arg>${ActionsOverdueRecordStatusOverdue}</arg>
</arguments>
<status status="PASS" starttime="20210604 15:20:28.271" endtime="20210604 15:20:28.632"></status>
</kw>
<kw name="Element Should Be Visible" library="SeleniumLibrary">
<doc>Verifies that the element identified by ``locator`` is visible.</doc>
<arguments>
<arg>${ActionsOverdueRecordStatusOverdue}</arg>
</arguments>
<msg timestamp="20210604 15:20:28.670" level="INFO">Element 'xpath://div[@id='control_FEEDA1FF-BDED-41F2-A970-81E75BE28850']/div/a/span/ul/li[@title='Overdue']' is displayed.</msg>
<status status="PASS" starttime="20210604 15:20:28.632" endtime="20210604 15:20:28.670"></status>
</kw>
<kw name="Sleep" library="BuiltIn">
<doc>Pauses the test executed for the given time.</doc>
<arguments>
<arg>1</arg>
</arguments>
<msg timestamp="20210604 15:20:29.675" level="INFO">Slept 1 second</msg>
<status status="PASS" starttime="20210604 15:20:28.670" endtime="20210604 15:20:29.675"></status>
</kw>
<kw name="Capture Page Screenshot" library="SeleniumLibrary">
<doc>Takes a screenshot of the current page and embeds it into a log file.</doc>
<arguments>
<arg>${OUTPUTDIR}/Results/Central Actions Module - Overdue Record Opened and Visible.png</arg>
</arguments>
<assign>
<var>${file1}</var>
</assign>
<msg timestamp="20210604 15:20:29.852" level="INFO" html="yes">&lt;/td&gt;&lt;/tr&gt;&lt;tr&gt;&lt;td colspan="3"&gt;&lt;a href="Results/Central%20Actions%20Module%20-%20Overdue%20Record%20Opened%20and%20Visible.png"&gt;&lt;img src="Results/Central%20Actions%20Module%20-%20Overdue%20Record%20Opened%20and%20Visible.png" width="800px"&gt;&lt;/a&gt;</msg>
<msg timestamp="20210604 15:20:29.853" level="INFO">${file1} = C:\Users\Delwin.Horsthemke\PycharmProjects\Robot_ST_Templates\results\Actions\Results\Central Actions Module - Overdue Record Opened and Visible.png</msg>
<status status="PASS" starttime="20210604 15:20:29.676" endtime="20210604 15:20:29.853"></status>
</kw>
<status status="PASS" starttime="20210604 15:20:10.120" endtime="20210604 15:20:29.853"></status>
</kw>
<kw name="Close Browser" library="SeleniumLibrary">
<doc>Closes the current browser.</doc>
<status status="PASS" starttime="20210604 15:20:29.859" endtime="20210604 15:20:33.283"></status>
</kw>
<tags>
<tag>behavior-driven</tag>
</tags>
<status status="PASS" starttime="20210604 15:19:58.565" endtime="20210604 15:20:33.284" critical="yes"></status>
</test>
<kw name="Close Browser" library="SeleniumLibrary" type="teardown">
<doc>Closes the current browser.</doc>
<status status="PASS" starttime="20210604 15:20:33.287" endtime="20210604 15:20:33.287"></status>
</kw>
<doc>FR6_01_OverdueActions_MainScenario</doc>
<status status="PASS" starttime="20210604 15:19:58.498" endtime="20210604 15:20:33.287"></status>
</suite>
<status status="PASS" starttime="20210604 15:08:28.985" endtime="20210604 15:20:33.293"></status>
</suite>
<statistics>
<total>
<stat pass="9" fail="0">Critical Tests</stat>
<stat pass="9" fail="0">All Tests</stat>
</total>
<tag>
<stat pass="9" fail="0">behavior-driven</stat>
</tag>
<suite>
<stat pass="9" fail="0" id="s1" name="FR4 01 SignOffAction AS &amp; FR4 01 SignOffAction MS &amp; FR5 01 ViewAllActions MS &amp; FR6 01 OverdueActions MS">FR4 01 SignOffAction AS &amp; FR4 01 SignOffAction MS &amp; FR5 01 ViewAllActions MS &amp; FR6 01 OverdueActions MS</stat>
<stat pass="3" fail="0" id="s1-s1" name="FR4 01 SignOffAction AS">FR4 01 SignOffAction AS &amp; FR4 01 SignOffAction MS &amp; FR5 01 ViewAllActions MS &amp; FR6 01 OverdueActions MS.FR4 01 SignOffAction AS</stat>
<stat pass="4" fail="0" id="s1-s2" name="FR4 01 SignOffAction MS">FR4 01 SignOffAction AS &amp; FR4 01 SignOffAction MS &amp; FR5 01 ViewAllActions MS &amp; FR6 01 OverdueActions MS.FR4 01 SignOffAction MS</stat>
<stat pass="1" fail="0" id="s1-s3" name="FR5 01 ViewAllActions MS">FR4 01 SignOffAction AS &amp; FR4 01 SignOffAction MS &amp; FR5 01 ViewAllActions MS &amp; FR6 01 OverdueActions MS.FR5 01 ViewAllActions MS</stat>
<stat pass="1" fail="0" id="s1-s4" name="FR6 01 OverdueActions MS">FR4 01 SignOffAction AS &amp; FR4 01 SignOffAction MS &amp; FR5 01 ViewAllActions MS &amp; FR6 01 OverdueActions MS.FR6 01 OverdueActions MS</stat>
</suite>
</statistics>
<errors>
</errors>
</robot>
